Using pre-set license
Built from '2023.2/staging' branch; Version is '2023.2.1f1 (a6dd9a634651) revision 10935706'; Using compiler version '193431935'; Build Type 'Release'
OS: 'Windows 10  (10.0.19045) 64bit Professional' Language: 'ru' Physical Memory: 16275 MB
BatchMode: 1, IsHumanControllingUs: 0, StartBugReporterOnCrash: 0, Is64bit: 1, IsPro: 1

COMMAND LINE ARGUMENTS:
E:\Programms\2023.2.1f1\Editor\Unity.exe
-adb2
-batchMode
-noUpm
-name
AssetImportWorker0
-projectPath
E:/Unity_Projects/Repository-BrackeysGameJam2024.1/WHAT-IS-BEHIND-THE-DOOR_BrackeysGameJam2024.1
-logFile
Logs/AssetImportWorker0.log
-srvPort
53593
-job-worker-count
3
-background-job-worker-count
8
-asset-garbage-collectors
1
Successfully changed project path to: E:/Unity_Projects/Repository-BrackeysGameJam2024.1/WHAT-IS-BEHIND-THE-DOOR_BrackeysGameJam2024.1
E:/Unity_Projects/Repository-BrackeysGameJam2024.1/WHAT-IS-BEHIND-THE-DOOR_BrackeysGameJam2024.1
[UnityMemory] Configuration Parameters - Can be set up in boot.config
    "memorysetup-bucket-allocator-granularity=16"
    "memorysetup-bucket-allocator-bucket-count=8"
    "memorysetup-bucket-allocator-block-size=33554432"
    "memorysetup-bucket-allocator-block-count=8"
    "memorysetup-main-allocator-block-size=16777216"
    "memorysetup-thread-allocator-block-size=16777216"
    "memorysetup-gfx-main-allocator-block-size=16777216"
    "memorysetup-gfx-thread-allocator-block-size=16777216"
    "memorysetup-cache-allocator-block-size=4194304"
    "memorysetup-typetree-allocator-block-size=2097152"
    "memorysetup-profiler-bucket-allocator-granularity=16"
    "memorysetup-profiler-bucket-allocator-bucket-count=8"
    "memorysetup-profiler-bucket-allocator-block-size=33554432"
    "memorysetup-profiler-bucket-allocator-block-count=8"
    "memorysetup-profiler-allocator-block-size=16777216"
    "memorysetup-profiler-editor-allocator-block-size=1048576"
    "memorysetup-temp-allocator-size-main=16777216"
    "memorysetup-job-temp-allocator-block-size=2097152"
    "memorysetup-job-temp-allocator-block-size-background=1048576"
    "memorysetup-job-temp-allocator-reduction-small-platforms=262144"
    "memorysetup-allocator-temp-initial-block-size-main=262144"
    "memorysetup-allocator-temp-initial-block-size-worker=262144"
    "memorysetup-temp-allocator-size-background-worker=32768"
    "memorysetup-temp-allocator-size-job-worker=262144"
    "memorysetup-temp-allocator-size-preload-manager=33554432"
    "memorysetup-temp-allocator-size-nav-mesh-worker=65536"
    "memorysetup-temp-allocator-size-audio-worker=65536"
    "memorysetup-temp-allocator-size-cloud-worker=32768"
    "memorysetup-temp-allocator-size-gi-baking-worker=262144"
    "memorysetup-temp-allocator-size-gi-baking-worker=262144"
    "memorysetup-temp-allocator-size-gi-baking-worker=262144"
    "memorysetup-temp-allocator-size-gi-baking-worker=262144"
    "memorysetup-temp-allocator-size-gfx=262144"
Player connection [11524] Host "[IP] 192.168.1.48 [Port] 0 [Flags] 2 [Guid] 3485289130 [EditorId] 3485289130 [Version] 1048832 [Id] WindowsEditor(7,DESKTOP-D0KS969) [Debug] 1 [PackageName] WindowsEditor [ProjectName] Editor" joined multi-casting on [225.0.0.222:54997]...
Player connection [11524] Host "[IP] 192.168.1.48 [Port] 0 [Flags] 2 [Guid] 3485289130 [EditorId] 3485289130 [Version] 1048832 [Id] WindowsEditor(7,DESKTOP-D0KS969) [Debug] 1 [PackageName] WindowsEditor [ProjectName] Editor" joined alternative multi-casting on [225.0.0.222:34997]...
JobSystem: Creating JobQueue using job-worker-count value 3
[Physics::Module] Initialized MultithreadedJobDispatcher with 3 workers.
Library Redirect Path: Library/
Refreshing native plugins compatible for Editor in 15.01 ms, found 8 plugins.
Preloading 0 native plugins for Editor in 0.00 ms.
Initialize engine version: 2023.2.1f1 (a6dd9a634651)
[Subsystems] Discovering subsystems at path E:/Programms/2023.2.1f1/Editor/Data/Resources/UnitySubsystems
[Subsystems] Discovering subsystems at path E:/Unity_Projects/Repository-BrackeysGameJam2024.1/WHAT-IS-BEHIND-THE-DOOR_BrackeysGameJam2024.1/Assets
GfxDevice: creating device client; kGfxThreadingModeNonThreaded
Direct3D:
    Version:  Direct3D 11.0 [level 11.0]
    Renderer: Intel(R) HD Graphics 4000 (ID=0x166)
    Vendor:   Intel
    VRAM:     128 MB
    Driver:   10.18.10.5161
Shader Hidden/ProbeVolume/VoxelizeScene is not supported: GPU does not support conservative rasterization
Initialize mono
Mono path[0] = 'E:/Programms/2023.2.1f1/Editor/Data/Managed'
Mono path[1] = 'E:/Programms/2023.2.1f1/Editor/Data/MonoBleedingEdge/lib/mono/unityjit-win32'
Mono config path = 'E:/Programms/2023.2.1f1/Editor/Data/MonoBleedingEdge/etc'
Using monoOptions --debugger-agent=transport=dt_socket,embedding=1,server=y,suspend=n,address=127.0.0.1:56992
Begin MonoManager ReloadAssembly
C:\build\output\Unity-Technologies\mono\mono\metadata\icall.c:1842:
C:\build\output\Unity-Technologies\mono\mono\metadata\icall.c:1842:
C:\build\output\Unity-Technologies\mono\mono\metadata\icall.c:1842:
C:\build\output\Unity-Technologies\mono\mono\metadata\icall.c:1842:
C:\build\output\Unity-Technologies\mono\mono\metadata\icall.c:1842:
C:\build\output\Unity-Technologies\mono\mono\metadata\icall.c:1842:
C:\build\output\Unity-Technologies\mono\mono\metadata\icall.c:1842:
C:\build\output\Unity-Technologies\mono\mono\metadata\icall.c:1842:
C:\build\output\Unity-Technologies\mono\mono\metadata\icall.c:1842:
C:\build\output\Unity-Technologies\mono\mono\metadata\icall.c:1842:
Registering precompiled unity dll's ...
Register platform support module: E:/Programms/2023.2.1f1/Editor/Data/PlaybackEngines/WebGLSupport/UnityEditor.WebGL.Extensions.dll
Register platform support module: E:/Programms/2023.2.1f1/Editor/Data/PlaybackEngines/WindowsStandaloneSupport/UnityEditor.WindowsStandalone.Extensions.dll
Register platform support module: E:/Programms/2023.2.1f1/Editor/Data/PlaybackEngines/AndroidPlayer/UnityEditor.Android.Extensions.dll
Register platform support module: E:/Programms/2023.2.1f1/Editor/Data/PlaybackEngines/LinuxStandaloneSupport/UnityEditor.LinuxStandalone.Extensions.dll
Registered in 0.018542 seconds.
- Loaded All Assemblies, in  1.769 seconds
Native extension for LinuxStandalone target not found
Native extension for Android target not found
Android Extension - Scanning For ADB Devices 896 ms
Native extension for WindowsStandalone target not found
Native extension for WebGL target not found
Mono: successfully reloaded assembly
C:\build\output\Unity-Technologies\mono\mono\metadata\icall.c:1842:
C:\build\output\Unity-Technologies\mono\mono\metadata\icall.c:1842:
- Finished resetting the current domain, in  2.850 seconds
Domain Reload Profiling: 4618ms
	BeginReloadAssembly (495ms)
		ExecutionOrderSort (0ms)
		DisableScriptedObjects (0ms)
		BackupInstance (0ms)
		ReleaseScriptingObjects (0ms)
		CreateAndSetChildDomain (2ms)
	RebuildCommonClasses (145ms)
	RebuildNativeTypeToScriptingClass (48ms)
	initialDomainReloadingComplete (205ms)
	LoadAllAssembliesAndSetupDomain (874ms)
		LoadAssemblies (499ms)
		RebuildTransferFunctionScriptingTraits (0ms)
		AnalyzeDomain (861ms)
			TypeCache.Refresh (858ms)
				TypeCache.ScanAssembly (808ms)
			BuildScriptInfoCaches (0ms)
			ResolveRequiredComponents (1ms)
	FinalizeReload (2852ms)
		ReleaseScriptCaches (0ms)
		RebuildScriptCaches (0ms)
		SetupLoadedEditorAssemblies (2566ms)
			LogAssemblyErrors (0ms)
			InitializePlatformSupportModulesInManaged (1347ms)
			SetLoadedEditorAssemblies (15ms)
			BeforeProcessingInitializeOnLoad (43ms)
			ProcessInitializeOnLoadAttributes (848ms)
			ProcessInitializeOnLoadMethodAttributes (313ms)
			AfterProcessingInitializeOnLoad (0ms)
			EditorAssembliesLoaded (0ms)
		ExecutionOrderSort2 (0ms)
		AwakeInstancesAfterBackupRestoration (0ms)
========================================================================
Worker process is ready to serve import requests
Import Worker Mode flag is 0x00
Begin MonoManager ReloadAssembly
C:\build\output\Unity-Technologies\mono\mono\metadata\icall.c:1842:
C:\build\output\Unity-Technologies\mono\mono\metadata\icall.c:1842:
C:\build\output\Unity-Technologies\mono\mono\metadata\icall.c:1842:
C:\build\output\Unity-Technologies\mono\mono\metadata\icall.c:1842:
C:\build\output\Unity-Technologies\mono\mono\metadata\icall.c:1842:
C:\build\output\Unity-Technologies\mono\mono\metadata\icall.c:1842:
C:\build\output\Unity-Technologies\mono\mono\metadata\icall.c:1842:
C:\build\output\Unity-Technologies\mono\mono\metadata\icall.c:1842:
C:\build\output\Unity-Technologies\mono\mono\metadata\icall.c:1842:
C:\build\output\Unity-Technologies\mono\mono\metadata\icall.c:1842:
C:\build\output\Unity-Technologies\mono\mono\metadata\icall.c:1842:
C:\build\output\Unity-Technologies\mono\mono\metadata\icall.c:1842:
Symbol file LoadedFromMemory doesn't match image E:\Unity_Projects\Repository-BrackeysGameJam2024.1\WHAT-IS-BEHIND-THE-DOOR_BrackeysGameJam2024.1\Library\PackageCache\com.unity.visualscripting@1.8.0\Editor\VisualScripting.Core\Dependencies\YamlDotNet\Unity.VisualScripting.YamlDotNet.dll
Symbol file LoadedFromMemory doesn't match image E:\Unity_Projects\Repository-BrackeysGameJam2024.1\WHAT-IS-BEHIND-THE-DOOR_BrackeysGameJam2024.1\Library\PackageCache\com.unity.visualscripting@1.8.0\Editor\VisualScripting.Core\Dependencies\DotNetZip\Unity.VisualScripting.IonicZip.dll
Symbol file LoadedFromMemory is not a mono symbol file
- Loaded All Assemblies, in  3.533 seconds
Refreshing native plugins compatible for Editor in 65.34 ms, found 8 plugins.
Native extension for LinuxStandalone target not found
Native extension for Android target not found
Native extension for WindowsStandalone target not found
Native extension for WebGL target not found
Mono: successfully reloaded assembly
- Finished resetting the current domain, in  2.591 seconds
Domain Reload Profiling: 6102ms
	BeginReloadAssembly (1151ms)
		ExecutionOrderSort (0ms)
		DisableScriptedObjects (25ms)
		BackupInstance (0ms)
		ReleaseScriptingObjects (0ms)
		CreateAndSetChildDomain (78ms)
	RebuildCommonClasses (263ms)
	RebuildNativeTypeToScriptingClass (51ms)
	initialDomainReloadingComplete (163ms)
	LoadAllAssembliesAndSetupDomain (1881ms)
		LoadAssemblies (1403ms)
		RebuildTransferFunctionScriptingTraits (0ms)
		AnalyzeDomain (887ms)
			TypeCache.Refresh (714ms)
				TypeCache.ScanAssembly (666ms)
			BuildScriptInfoCaches (119ms)
			ResolveRequiredComponents (46ms)
	FinalizeReload (2592ms)
		ReleaseScriptCaches (0ms)
		RebuildScriptCaches (0ms)
		SetupLoadedEditorAssemblies (1858ms)
			LogAssemblyErrors (0ms)
			InitializePlatformSupportModulesInManaged (51ms)
			SetLoadedEditorAssemblies (8ms)
			BeforeProcessingInitializeOnLoad (288ms)
			ProcessInitializeOnLoadAttributes (1369ms)
			ProcessInitializeOnLoadMethodAttributes (135ms)
			AfterProcessingInitializeOnLoad (6ms)
			EditorAssembliesLoaded (0ms)
		ExecutionOrderSort2 (0ms)
		AwakeInstancesAfterBackupRestoration (16ms)
Shader Hidden/ProbeVolume/VoxelizeScene is not supported: GPU does not support conservative rasterization
Launched and connected shader compiler UnityShaderCompiler.exe after 0.04 seconds
Refreshing native plugins compatible for Editor in 20.40 ms, found 8 plugins.
Preloading 0 native plugins for Editor in 0.00 ms.
Unloading 223 Unused Serialized files (Serialized files now loaded: 0)
Unloading 7193 unused Assets / (6.1 MB). Loaded Objects now: 7903.
Memory consumption went from 206.3 MB to 200.2 MB.
Total: 31.959000 ms (FindLiveObjects: 3.145800 ms CreateObjectMapping: 3.213000 ms MarkObjects: 17.211500 ms  DeleteObjects: 8.384800 ms)

========================================================================
Received Import Request.
  Time since last request: 20262.273581 seconds.
  path: Assets/Import/Rooms/Metro_Dark subway 3D/normal.png
  artifactKey: Guid(d4346d3e827916b4e93072f8e72aabb4) Importer(815301076,1909f56bfc062723c751e8b465ee728b)
Start importing Assets/Import/Rooms/Metro_Dark subway 3D/normal.png using Guid(d4346d3e827916b4e93072f8e72aabb4) Importer(815301076,1909f56bfc062723c751e8b465ee728b) (PreviewImporter) -> (artifact id: '7517be9a0d00287168298b2b517fc1a0') in 0.2358936 seconds
Number of updated asset objects reloaded before import = 0Number of asset objects unloaded after import = 2

========================================================================
Received Import Request.
  Time since last request: 0.000056 seconds.
  path: Assets/Import/Rooms/Metro_Dark subway 3D/wall-texture.jpg
  artifactKey: Guid(05392459167bc9d4694e53b98a85a8de) Importer(815301076,1909f56bfc062723c751e8b465ee728b)
Start importing Assets/Import/Rooms/Metro_Dark subway 3D/wall-texture.jpg using Guid(05392459167bc9d4694e53b98a85a8de) Importer(815301076,1909f56bfc062723c751e8b465ee728b) (PreviewImporter) -> (artifact id: '76553b24d97b546f649ae96dcb42ffd0') in 0.0505431 seconds
Number of updated asset objects reloaded before import = 0Number of asset objects unloaded after import = 2

========================================================================
Received Import Request.
  Time since last request: 5118.677187 seconds.
  path: Assets/Import/house
  artifactKey: Guid(508fe90b2a1d3a84ca368e09e8f81b46) Importer(815301076,1909f56bfc062723c751e8b465ee728b)
Start importing Assets/Import/house using Guid(508fe90b2a1d3a84ca368e09e8f81b46) Importer(815301076,1909f56bfc062723c751e8b465ee728b) (PreviewImporter) -> (artifact id: '3601e306abe48d0e20cf59a1c81671c2') in 0.0010331 seconds
Number of updated asset objects reloaded before import = 0Number of asset objects unloaded after import = 0

========================================================================
Received Import Request.
  Time since last request: 5.008900 seconds.
  path: Assets/Import/Houses
  artifactKey: Guid(508fe90b2a1d3a84ca368e09e8f81b46) Importer(815301076,1909f56bfc062723c751e8b465ee728b)
Start importing Assets/Import/Houses using Guid(508fe90b2a1d3a84ca368e09e8f81b46) Importer(815301076,1909f56bfc062723c751e8b465ee728b) (PreviewImporter) -> (artifact id: 'bb603324bfa200cf062863b2d7ede253') in 0.0008361 seconds
Number of updated asset objects reloaded before import = 0Number of asset objects unloaded after import = 0

========================================================================
Received Import Request.
  Time since last request: 3.296658 seconds.
  path: Assets/Video/Rick Astley - Never Gonna Give You Up (Official Music Video).mp4
  artifactKey: Guid(5a36dd3d5facc824f9079d38e0deccfd) Importer(815301076,1909f56bfc062723c751e8b465ee728b)
Start importing Assets/Video/Rick Astley - Never Gonna Give You Up (Official Music Video).mp4 using Guid(5a36dd3d5facc824f9079d38e0deccfd) Importer(815301076,1909f56bfc062723c751e8b465ee728b) (PreviewImporter) -> (artifact id: '46063ca69f70ec1828c3dd45832f88a7') in 0.0024768 seconds
Number of updated asset objects reloaded before import = 0Number of asset objects unloaded after import = 1

========================================================================
Received Import Request.
  Time since last request: 7.812138 seconds.
  path: Assets/Video/GOODBYE - And thanks for everything!.mp4
  artifactKey: Guid(f3c7df9cf06761d4793d8425b3eec8cf) Importer(815301076,1909f56bfc062723c751e8b465ee728b)
Start importing Assets/Video/GOODBYE - And thanks for everything!.mp4 using Guid(f3c7df9cf06761d4793d8425b3eec8cf) Importer(815301076,1909f56bfc062723c751e8b465ee728b) (PreviewImporter) -> (artifact id: 'd5dcd624300227aebe13deccfd771486') in 0.0020199 seconds
Number of updated asset objects reloaded before import = 0Number of asset objects unloaded after import = 1

========================================================================
Received Import Request.
  Time since last request: 13.066930 seconds.
  path: Assets/Audio/MainAudioMixer.mixer
  artifactKey: Guid(6fda8d05c98cf4a4c8caa65906010d43) Importer(815301076,1909f56bfc062723c751e8b465ee728b)
Start importing Assets/Audio/MainAudioMixer.mixer using Guid(6fda8d05c98cf4a4c8caa65906010d43) Importer(815301076,1909f56bfc062723c751e8b465ee728b) (PreviewImporter)Refreshing native plugins compatible for Editor in 10.69 ms, found 8 plugins.
Preloading 0 native plugins for Editor in 0.00 ms.
 -> (artifact id: '86bcf15be47d7248a5ab66f46e6a3de4') in 0.0138568 seconds
Number of updated asset objects reloaded before import = 0Number of asset objects unloaded after import = 4

========================================================================
Received Import Request.
  Time since last request: 4.633012 seconds.
  path: Assets/Settings/DefaultVolumeProfile.asset
  artifactKey: Guid(4377c8fcb0d1dfe42a228b26e09d870c) Importer(815301076,1909f56bfc062723c751e8b465ee728b)
Start importing Assets/Settings/DefaultVolumeProfile.asset using Guid(4377c8fcb0d1dfe42a228b26e09d870c) Importer(815301076,1909f56bfc062723c751e8b465ee728b) (PreviewImporter) -> (artifact id: 'f2bc51863a6ec5c4f525d3261a1cbace') in 0.0174324 seconds
Number of updated asset objects reloaded before import = 0Number of asset objects unloaded after import = 20

========================================================================
Received Import Request.
  Time since last request: 0.000026 seconds.
  path: Assets/Settings/URP-Balanced.asset
  artifactKey: Guid(e1260c1148f6143b28bae5ace5e9c5d1) Importer(815301076,1909f56bfc062723c751e8b465ee728b)
Start importing Assets/Settings/URP-Balanced.asset using Guid(e1260c1148f6143b28bae5ace5e9c5d1) Importer(815301076,1909f56bfc062723c751e8b465ee728b) (PreviewImporter) -> (artifact id: 'ff2d7cfb358b6a5b2e6fe2a5330d3b49') in 0.0317718 seconds
Number of updated asset objects reloaded before import = 0Number of asset objects unloaded after import = 15

========================================================================
Received Import Request.
  Time since last request: 0.000028 seconds.
  path: Assets/Settings/URP-HighFidelity-Volume.asset
  artifactKey: Guid(5f05637e997004ddcb840ad015136b01) Importer(815301076,1909f56bfc062723c751e8b465ee728b)
Start importing Assets/Settings/URP-HighFidelity-Volume.asset using Guid(5f05637e997004ddcb840ad015136b01) Importer(815301076,1909f56bfc062723c751e8b465ee728b) (PreviewImporter) -> (artifact id: '56118245617b210b3e3d47e094875f78') in 0.0021403 seconds
Number of updated asset objects reloaded before import = 0Number of asset objects unloaded after import = 4

========================================================================
Received Import Request.
  Time since last request: 0.000037 seconds.
  path: Assets/Settings/URP-Performant-Volume.asset
  artifactKey: Guid(5a0dc6550e3b74fc99ca41a067a61700) Importer(815301076,1909f56bfc062723c751e8b465ee728b)
Start importing Assets/Settings/URP-Performant-Volume.asset using Guid(5a0dc6550e3b74fc99ca41a067a61700) Importer(815301076,1909f56bfc062723c751e8b465ee728b) (PreviewImporter) -> (artifact id: '928919f500acbebf350c1384d8e19ef9') in 0.0020704 seconds
Number of updated asset objects reloaded before import = 0Number of asset objects unloaded after import = 0

========================================================================
Received Import Request.
  Time since last request: 0.000043 seconds.
  path: Assets/Settings/URP-HighFidelity-Renderer.asset
  artifactKey: Guid(c40be3174f62c4acf8c1216858c64956) Importer(815301076,1909f56bfc062723c751e8b465ee728b)
Start importing Assets/Settings/URP-HighFidelity-Renderer.asset using Guid(c40be3174f62c4acf8c1216858c64956) Importer(815301076,1909f56bfc062723c751e8b465ee728b) (PreviewImporter) -> (artifact id: 'a9b54924a4cad97f99f7934e1e28f260') in 0.0118829 seconds
Number of updated asset objects reloaded before import = 0Number of asset objects unloaded after import = 10

========================================================================
Received Import Request.
  Time since last request: 0.000050 seconds.
  path: Assets/Settings/URP-Performant.asset
  artifactKey: Guid(d0e2fc18fe036412f8223b3b3d9ad574) Importer(815301076,1909f56bfc062723c751e8b465ee728b)
Start importing Assets/Settings/URP-Performant.asset using Guid(d0e2fc18fe036412f8223b3b3d9ad574) Importer(815301076,1909f56bfc062723c751e8b465ee728b) (PreviewImporter) -> (artifact id: 'fbcad7367ad7bc71a4b87222dbdf81db') in 0.001557 seconds
Number of updated asset objects reloaded before import = 0Number of asset objects unloaded after import = 0

========================================================================
Received Import Request.
  Time since last request: 2.297174 seconds.
  path: Assets/InputSystem/Controls.inputactions
  artifactKey: Guid(0a523e51c2e9b2f49858694d5f5df8c5) Importer(815301076,1909f56bfc062723c751e8b465ee728b)
Start importing Assets/InputSystem/Controls.inputactions using Guid(0a523e51c2e9b2f49858694d5f5df8c5) Importer(815301076,1909f56bfc062723c751e8b465ee728b) (PreviewImporter) -> (artifact id: '72646ce9faefa712e70befe549b58b9f') in 0.0090404 seconds
Number of updated asset objects reloaded before import = 0Number of asset objects unloaded after import = 7

========================================================================
Received Import Request.
  Time since last request: 3.721519 seconds.
  path: Assets/Import
  artifactKey: Guid(d84cf8cc1ec1693489bd81536852e3ea) Importer(815301076,1909f56bfc062723c751e8b465ee728b)
Start importing Assets/Import using Guid(d84cf8cc1ec1693489bd81536852e3ea) Importer(815301076,1909f56bfc062723c751e8b465ee728b) (PreviewImporter) -> (artifact id: 'fee3f1745b40bed7266fc583412d52bf') in 0.0007577 seconds
Number of updated asset objects reloaded before import = 0Number of asset objects unloaded after import = 0

========================================================================
Received Import Request.
  Time since last request: 8.578477 seconds.
  path: Assets/Import/New Folder
  artifactKey: Guid(1d09f832fe3169a4fbae65196354f58a) Importer(815301076,1909f56bfc062723c751e8b465ee728b)
Start importing Assets/Import/New Folder using Guid(1d09f832fe3169a4fbae65196354f58a) Importer(815301076,1909f56bfc062723c751e8b465ee728b) (PreviewImporter) -> (artifact id: '8d41436ab76285d8b498cfa7f20f6b6a') in 0.0008193 seconds
Number of updated asset objects reloaded before import = 0Number of asset objects unloaded after import = 0

========================================================================
Received Import Request.
  Time since last request: 123.780942 seconds.
  path: Assets/Import/house basement
  artifactKey: Guid(1d09f832fe3169a4fbae65196354f58a) Importer(815301076,1909f56bfc062723c751e8b465ee728b)
Start importing Assets/Import/house basement using Guid(1d09f832fe3169a4fbae65196354f58a) Importer(815301076,1909f56bfc062723c751e8b465ee728b) (PreviewImporter) -> (artifact id: '4b9e2924ff586047308c6a7c74bd92cb') in 0.0009791 seconds
Number of updated asset objects reloaded before import = 0Number of asset objects unloaded after import = 0

========================================================================
Received Import Request.
  Time since last request: 26.742716 seconds.
  path: Assets/Import/HouseBasement
  artifactKey: Guid(1d09f832fe3169a4fbae65196354f58a) Importer(815301076,1909f56bfc062723c751e8b465ee728b)
Start importing Assets/Import/HouseBasement using Guid(1d09f832fe3169a4fbae65196354f58a) Importer(815301076,1909f56bfc062723c751e8b465ee728b) (PreviewImporter) -> (artifact id: '7a8f1a63c014f4bd3b97dd221af2c102') in 0.0007799 seconds
Number of updated asset objects reloaded before import = 0Number of asset objects unloaded after import = 0

========================================================================
Received Import Request.
  Time since last request: 4737.089741 seconds.
  path: Assets/Import/HouseBasement/HouseBasement_001.blend
  artifactKey: Guid(5a6c6a820c2449f47b880e30bfe49003) Importer(815301076,1909f56bfc062723c751e8b465ee728b)
Start importing Assets/Import/HouseBasement/HouseBasement_001.blend using Guid(5a6c6a820c2449f47b880e30bfe49003) Importer(815301076,1909f56bfc062723c751e8b465ee728b) (PreviewImporter) -> (artifact id: 'ee55739841c2280bcfbb2c6f4a025c6a') in 1.6417342 seconds
Number of updated asset objects reloaded before import = 0Number of asset objects unloaded after import = 52

========================================================================
Received Import Request.
  Time since last request: 1819.652466 seconds.
  path: Assets/Import/HouseBasement/HouseBasement_001.blend
  artifactKey: Guid(5a6c6a820c2449f47b880e30bfe49003) Importer(815301076,1909f56bfc062723c751e8b465ee728b)
Start importing Assets/Import/HouseBasement/HouseBasement_001.blend using Guid(5a6c6a820c2449f47b880e30bfe49003) Importer(815301076,1909f56bfc062723c751e8b465ee728b) (PreviewImporter) -> (artifact id: '0e335d3191fc3b810c36a7b10680fab4') in 0.2099343 seconds
Number of updated asset objects reloaded before import = 0Number of asset objects unloaded after import = 71

========================================================================
Received Import Request.
  Time since last request: 8.919057 seconds.
  path: Assets/Import/RoomsScene.unity
  artifactKey: Guid(d09de7eceb3dafc4db286999c0bbd950) Importer(815301076,1909f56bfc062723c751e8b465ee728b)
Start importing Assets/Import/RoomsScene.unity using Guid(d09de7eceb3dafc4db286999c0bbd950) Importer(815301076,1909f56bfc062723c751e8b465ee728b) (PreviewImporter) -> (artifact id: '386096f1a069085a827b38b618f67ecb') in 0.0009861 seconds
Number of updated asset objects reloaded before import = 0Number of asset objects unloaded after import = 0

========================================================================
Received Import Request.
  Time since last request: 16.217238 seconds.
  path: Assets/Import/Rooms
  artifactKey: Guid(515b36d870692604b9479dd68fb1b104) Importer(815301076,1909f56bfc062723c751e8b465ee728b)
Start importing Assets/Import/Rooms using Guid(515b36d870692604b9479dd68fb1b104) Importer(815301076,1909f56bfc062723c751e8b465ee728b) (PreviewImporter) -> (artifact id: 'eea26848f5bb8a6af4dcdf5f28000aa6') in 0.0009162 seconds
Number of updated asset objects reloaded before import = 0Number of asset objects unloaded after import = 0

========================================================================
Received Import Request.
  Time since last request: 0.807714 seconds.
  path: Assets/Import/Rooms/RoomsScene.unity
  artifactKey: Guid(d09de7eceb3dafc4db286999c0bbd950) Importer(815301076,1909f56bfc062723c751e8b465ee728b)
Start importing Assets/Import/Rooms/RoomsScene.unity using Guid(d09de7eceb3dafc4db286999c0bbd950) Importer(815301076,1909f56bfc062723c751e8b465ee728b) (PreviewImporter) -> (artifact id: '51ad8ba53cb6aa5438874e1b90515455') in 0.0008331 seconds
Number of updated asset objects reloaded before import = 0Number of asset objects unloaded after import = 0

========================================================================
Received Import Request.
  Time since last request: 21.260480 seconds.
  path: Assets/Import/HouseBasement 1/HouseBasement_001.blend
  artifactKey: Guid(a7ebdb3d44a22084da56bd4e829969b9) Importer(815301076,1909f56bfc062723c751e8b465ee728b)
Start importing Assets/Import/HouseBasement 1/HouseBasement_001.blend using Guid(a7ebdb3d44a22084da56bd4e829969b9) Importer(815301076,1909f56bfc062723c751e8b465ee728b) (PreviewImporter) -> (artifact id: '5c058f5ca8598133a8823d63b9330c8e') in 0.195217 seconds
Number of updated asset objects reloaded before import = 0Number of asset objects unloaded after import = 71

========================================================================
Received Import Request.
  Time since last request: 5.858399 seconds.
  path: Assets/Import/HorrorProject/Basement.prefab
  artifactKey: Guid(6768b19d0847cd643a03141d3f4f17d7) Importer(815301076,1909f56bfc062723c751e8b465ee728b)
Start importing Assets/Import/HorrorProject/Basement.prefab using Guid(6768b19d0847cd643a03141d3f4f17d7) Importer(815301076,1909f56bfc062723c751e8b465ee728b) (PreviewImporter)Refreshing native plugins compatible for Editor in 10.81 ms, found 8 plugins.
Preloading 0 native plugins for Editor in 0.00 ms.
 -> (artifact id: '07eaf34ca854926d5d4066b0e5eac5bc') in 3.7191116 seconds
Number of updated asset objects reloaded before import = 0Number of asset objects unloaded after import = 23415

========================================================================
Received Import Request.
  Time since last request: 32.487332 seconds.
  path: Assets/Import/HouseBasement/BasementScene.unity
  artifactKey: Guid(de806f160b34c794cb5e9e783f47fcf6) Importer(815301076,1909f56bfc062723c751e8b465ee728b)
Start importing Assets/Import/HouseBasement/BasementScene.unity using Guid(de806f160b34c794cb5e9e783f47fcf6) Importer(815301076,1909f56bfc062723c751e8b465ee728b) (PreviewImporter) -> (artifact id: 'e964f3bae46c5384fd49c32e27c048d9') in 0.037205 seconds
Number of updated asset objects reloaded before import = 0Number of asset objects unloaded after import = 0

========================================================================
Received Import Request.
  Time since last request: 222.633688 seconds.
  path: Assets/Import/HouseBasement/HouseBasement_001.blend
  artifactKey: Guid(5a6c6a820c2449f47b880e30bfe49003) Importer(815301076,1909f56bfc062723c751e8b465ee728b)
Start importing Assets/Import/HouseBasement/HouseBasement_001.blend using Guid(5a6c6a820c2449f47b880e30bfe49003) Importer(815301076,1909f56bfc062723c751e8b465ee728b) (PreviewImporter) -> (artifact id: '164ff11a5a8a75d544dc4074e5cb8fcc') in 0.1806581 seconds
Number of updated asset objects reloaded before import = 0Number of asset objects unloaded after import = 71

========================================================================
Received Import Request.
  Time since last request: 95.121097 seconds.
  path: Assets/Import/HouseBasement/HouseBasement_001.blend
  artifactKey: Guid(5a6c6a820c2449f47b880e30bfe49003) Importer(815301076,1909f56bfc062723c751e8b465ee728b)
Start importing Assets/Import/HouseBasement/HouseBasement_001.blend using Guid(5a6c6a820c2449f47b880e30bfe49003) Importer(815301076,1909f56bfc062723c751e8b465ee728b) (PreviewImporter) -> (artifact id: '844a9694bda04995ebc7045db248d83b') in 0.2131365 seconds
Number of updated asset objects reloaded before import = 0Number of asset objects unloaded after import = 71

========================================================================
Received Import Request.
  Time since last request: 26.758091 seconds.
  path: Assets/Import/HouseBasement/HouseBasement_001.blend
  artifactKey: Guid(5a6c6a820c2449f47b880e30bfe49003) Importer(815301076,1909f56bfc062723c751e8b465ee728b)
Start importing Assets/Import/HouseBasement/HouseBasement_001.blend using Guid(5a6c6a820c2449f47b880e30bfe49003) Importer(815301076,1909f56bfc062723c751e8b465ee728b) (PreviewImporter) -> (artifact id: 'c8a345042c1c130079368d2fe5bb9fa5') in 0.2001953 seconds
Number of updated asset objects reloaded before import = 0Number of asset objects unloaded after import = 71

========================================================================
Received Import Request.
  Time since last request: 404.617752 seconds.
  path: Assets/Import/HouseBasement/HouseBasement_001.prefab
  artifactKey: Guid(c1e9c907a6b35054183e8693a18fad68) Importer(815301076,1909f56bfc062723c751e8b465ee728b)
Start importing Assets/Import/HouseBasement/HouseBasement_001.prefab using Guid(c1e9c907a6b35054183e8693a18fad68) Importer(815301076,1909f56bfc062723c751e8b465ee728b) (PreviewImporter) -> (artifact id: '977bed129a05038e1ddc1df07b298ed8') in 0.0424942 seconds
Number of updated asset objects reloaded before import = 0Number of asset objects unloaded after import = 96

========================================================================
Received Import Request.
  Time since last request: 501.283145 seconds.
  path: Assets/Import/HouseBasement/HouseBasement_001.blend
  artifactKey: Guid(5a6c6a820c2449f47b880e30bfe49003) Importer(815301076,1909f56bfc062723c751e8b465ee728b)
Start importing Assets/Import/HouseBasement/HouseBasement_001.blend using Guid(5a6c6a820c2449f47b880e30bfe49003) Importer(815301076,1909f56bfc062723c751e8b465ee728b) (PreviewImporter) -> (artifact id: '72f6b73297287d44fb5e8a0a94b88a93') in 0.2022491 seconds
Number of updated asset objects reloaded before import = 0Number of asset objects unloaded after import = 73

========================================================================
Received Import Request.
  Time since last request: 11.487734 seconds.
  path: Assets/Import/HouseBasement/textures
  artifactKey: Guid(83b9d905baaf120479325f86197874b7) Importer(815301076,1909f56bfc062723c751e8b465ee728b)
Start importing Assets/Import/HouseBasement/textures using Guid(83b9d905baaf120479325f86197874b7) Importer(815301076,1909f56bfc062723c751e8b465ee728b) (PreviewImporter) -> (artifact id: 'a2ad255a69422af186496433fd2e2328') in 0.0010855 seconds
Number of updated asset objects reloaded before import = 0Number of asset objects unloaded after import = 0

========================================================================
Received Import Request.
  Time since last request: 0.684003 seconds.
  path: Assets/Import/HouseBasement/rocks_ground_08_1k.blend.zip
  artifactKey: Guid(6830e30dc10a5474c950d9912fe33509) Importer(815301076,1909f56bfc062723c751e8b465ee728b)
Start importing Assets/Import/HouseBasement/rocks_ground_08_1k.blend.zip using Guid(6830e30dc10a5474c950d9912fe33509) Importer(815301076,1909f56bfc062723c751e8b465ee728b) (PreviewImporter) -> (artifact id: 'eff75fb7046f09af2c20565e16c8d462') in 0.0017703 seconds
Number of updated asset objects reloaded before import = 0Number of asset objects unloaded after import = 1

========================================================================
Received Import Request.
  Time since last request: 6.388250 seconds.
  path: Assets/Import/HouseBasement/rocks_ground_08_1k.blend
  artifactKey: Guid(cc46aba438d81cf4a9022b38e39f2547) Importer(815301076,1909f56bfc062723c751e8b465ee728b)
Start importing Assets/Import/HouseBasement/rocks_ground_08_1k.blend using Guid(cc46aba438d81cf4a9022b38e39f2547) Importer(815301076,1909f56bfc062723c751e8b465ee728b) (PreviewImporter) -> (artifact id: '92f35eceb777e69c010974dae368186c') in 0.1252509 seconds
Number of updated asset objects reloaded before import = 0Number of asset objects unloaded after import = 66

========================================================================
Received Import Request.
  Time since last request: 1.918514 seconds.
  path: Assets/Import/HouseBasement/rocks_ground_08_1k.blend
  artifactKey: Guid(cc46aba438d81cf4a9022b38e39f2547) Importer(815301076,1909f56bfc062723c751e8b465ee728b)
Start importing Assets/Import/HouseBasement/rocks_ground_08_1k.blend using Guid(cc46aba438d81cf4a9022b38e39f2547) Importer(815301076,1909f56bfc062723c751e8b465ee728b) (PreviewImporter) -> (artifact id: 'bed8907c73f1da69954ab54d2951490e') in 0.0905698 seconds
Number of updated asset objects reloaded before import = 0Number of asset objects unloaded after import = 66

========================================================================
Received Import Request.
  Time since last request: 229.813865 seconds.
  path: Assets/Import/HouseBasement/HouseBasement_001.blend
  artifactKey: Guid(5a6c6a820c2449f47b880e30bfe49003) Importer(815301076,1909f56bfc062723c751e8b465ee728b)
Start importing Assets/Import/HouseBasement/HouseBasement_001.blend using Guid(5a6c6a820c2449f47b880e30bfe49003) Importer(815301076,1909f56bfc062723c751e8b465ee728b) (PreviewImporter) -> (artifact id: '0a01fd710c03b884b19f33cf1d7b5df0') in 0.2402215 seconds
Number of updated asset objects reloaded before import = 0Number of asset objects unloaded after import = 74

========================================================================
Received Import Request.
  Time since last request: 0.000052 seconds.
  path: Assets/Import/HouseBasement/rocks_ground_08_1k.blend
  artifactKey: Guid(cc46aba438d81cf4a9022b38e39f2547) Importer(815301076,1909f56bfc062723c751e8b465ee728b)
Start importing Assets/Import/HouseBasement/rocks_ground_08_1k.blend using Guid(cc46aba438d81cf4a9022b38e39f2547) Importer(815301076,1909f56bfc062723c751e8b465ee728b) (PreviewImporter) -> (artifact id: 'd860f6c0e099ac097de06086dfcb30c7') in 0.1117538 seconds
Number of updated asset objects reloaded before import = 0Number of asset objects unloaded after import = 66

========================================================================
Received Import Request.
  Time since last request: 32.455718 seconds.
  path: Assets/Import/HouseBasement/HouseBasement_001.blend
  artifactKey: Guid(5a6c6a820c2449f47b880e30bfe49003) Importer(815301076,1909f56bfc062723c751e8b465ee728b)
Start importing Assets/Import/HouseBasement/HouseBasement_001.blend using Guid(5a6c6a820c2449f47b880e30bfe49003) Importer(815301076,1909f56bfc062723c751e8b465ee728b) (PreviewImporter) -> (artifact id: 'c805a7beda5ce6bbb64b440885d1448e') in 0.224081 seconds
Number of updated asset objects reloaded before import = 0Number of asset objects unloaded after import = 74

========================================================================
Received Import Request.
  Time since last request: 77.785353 seconds.
  path: Assets/Import/HouseBasement/textures/brushed_concrete
  artifactKey: Guid(d9eddb344ea71be4baa2ee2bd5183324) Importer(815301076,1909f56bfc062723c751e8b465ee728b)
Start importing Assets/Import/HouseBasement/textures/brushed_concrete using Guid(d9eddb344ea71be4baa2ee2bd5183324) Importer(815301076,1909f56bfc062723c751e8b465ee728b) (PreviewImporter) -> (artifact id: '9bd1e68edd1f9be75bf75db017816819') in 0.0012058 seconds
Number of updated asset objects reloaded before import = 0Number of asset objects unloaded after import = 0

========================================================================
Received Import Request.
  Time since last request: 0.051045 seconds.
  path: Assets/Import/HouseBasement/textures/brushed_concrete/brushed_concrete_1k.blend
  artifactKey: Guid(a0958ebd90dba7a40b7b8d1f70e6e077) Importer(815301076,1909f56bfc062723c751e8b465ee728b)
Start importing Assets/Import/HouseBasement/textures/brushed_concrete/brushed_concrete_1k.blend using Guid(a0958ebd90dba7a40b7b8d1f70e6e077) Importer(815301076,1909f56bfc062723c751e8b465ee728b) (PreviewImporter) -> (artifact id: '6cda5e749bd863ef4b5837d6fc22a265') in 0.1096109 seconds
Number of updated asset objects reloaded before import = 0Number of asset objects unloaded after import = 90

========================================================================
Received Import Request.
  Time since last request: 296.360261 seconds.
  path: Assets/Import/HouseBasement/textures/brushed_concrete/brushed_concrete_1k.blend
  artifactKey: Guid(a0958ebd90dba7a40b7b8d1f70e6e077) Importer(815301076,1909f56bfc062723c751e8b465ee728b)
Start importing Assets/Import/HouseBasement/textures/brushed_concrete/brushed_concrete_1k.blend using Guid(a0958ebd90dba7a40b7b8d1f70e6e077) Importer(815301076,1909f56bfc062723c751e8b465ee728b) (PreviewImporter) -> (artifact id: '90c28ca823cdd17d4a0cdd3e334becda') in 0.0749297 seconds
Number of updated asset objects reloaded before import = 0Number of asset objects unloaded after import = 90

========================================================================
Received Import Request.
  Time since last request: 0.102805 seconds.
  path: Assets/Import/HouseBasement/textures/brushed_concrete/brushed_concrete_1k.blend
  artifactKey: Guid(a0958ebd90dba7a40b7b8d1f70e6e077) Importer(815301076,1909f56bfc062723c751e8b465ee728b)
Start importing Assets/Import/HouseBasement/textures/brushed_concrete/brushed_concrete_1k.blend using Guid(a0958ebd90dba7a40b7b8d1f70e6e077) Importer(815301076,1909f56bfc062723c751e8b465ee728b) (PreviewImporter) -> (artifact id: 'c14dc25af5b8c08d5b4dfeac6942f246') in 0.1041108 seconds
Number of updated asset objects reloaded before import = 0Number of asset objects unloaded after import = 90

========================================================================
Received Import Request.
  Time since last request: 3.058589 seconds.
  path: Assets/Import/HouseBasement/textures/rocks_ground_08/rocks_ground_08_diff_1k.jpg
  artifactKey: Guid(3c8b650a90eb3a14ba6a7a8bd901cf61) Importer(815301076,1909f56bfc062723c751e8b465ee728b)
Start importing Assets/Import/HouseBasement/textures/rocks_ground_08/rocks_ground_08_diff_1k.jpg using Guid(3c8b650a90eb3a14ba6a7a8bd901cf61) Importer(815301076,1909f56bfc062723c751e8b465ee728b) (PreviewImporter) -> (artifact id: 'b5dffdb9667cb38509d2fe8f1233532e') in 0.0305059 seconds
Number of updated asset objects reloaded before import = 0Number of asset objects unloaded after import = 2

========================================================================
Received Import Request.
  Time since last request: 0.000038 seconds.
  path: Assets/Import/HouseBasement/textures/rocks_ground_08/rocks_ground_08_rough_1k.jpg
  artifactKey: Guid(8a2f0cc99fc2e1743a62d4c447a3aa62) Importer(815301076,1909f56bfc062723c751e8b465ee728b)
Start importing Assets/Import/HouseBasement/textures/rocks_ground_08/rocks_ground_08_rough_1k.jpg using Guid(8a2f0cc99fc2e1743a62d4c447a3aa62) Importer(815301076,1909f56bfc062723c751e8b465ee728b) (PreviewImporter) -> (artifact id: 'c9adbccc049975706ac2328f38467b9a') in 0.030994 seconds
Number of updated asset objects reloaded before import = 0Number of asset objects unloaded after import = 2

========================================================================
Received Import Request.
  Time since last request: 5.068549 seconds.
  path: Assets/Import/HouseBasement/textures/brushed_concrete/textures/brushed_concrete.mat
  artifactKey: Guid(5f7726695878b4a47900d62fa935a258) Importer(815301076,1909f56bfc062723c751e8b465ee728b)
Start importing Assets/Import/HouseBasement/textures/brushed_concrete/textures/brushed_concrete.mat using Guid(5f7726695878b4a47900d62fa935a258) Importer(815301076,1909f56bfc062723c751e8b465ee728b) (PreviewImporter) -> (artifact id: 'e63f5ca168a61f796e25bf1a067bde55') in 0.0421896 seconds
Number of updated asset objects reloaded before import = 0Number of asset objects unloaded after import = 25

========================================================================
Received Import Request.
  Time since last request: 0.000041 seconds.
  path: Assets/Import/HouseBasement/textures/brushed_concrete/textures/brushed_concrete_nor_gl_1k.exr
  artifactKey: Guid(cc3d3b4659d809f4c928ed87611774cd) Importer(815301076,1909f56bfc062723c751e8b465ee728b)
Start importing Assets/Import/HouseBasement/textures/brushed_concrete/textures/brushed_concrete_nor_gl_1k.exr using Guid(cc3d3b4659d809f4c928ed87611774cd) Importer(815301076,1909f56bfc062723c751e8b465ee728b) (PreviewImporter) -> (artifact id: '5d5fd3263b7e6e298f7d5bad95331ec1') in 0.030994 seconds
Number of updated asset objects reloaded before import = 0Number of asset objects unloaded after import = 2

========================================================================
Received Import Request.
  Time since last request: 9.404206 seconds.
  path: Assets/Import/HouseBasement/textures/brushed_concrete/brushed_concrete_1k.blend
  artifactKey: Guid(a0958ebd90dba7a40b7b8d1f70e6e077) Importer(815301076,1909f56bfc062723c751e8b465ee728b)
Start importing Assets/Import/HouseBasement/textures/brushed_concrete/brushed_concrete_1k.blend using Guid(a0958ebd90dba7a40b7b8d1f70e6e077) Importer(815301076,1909f56bfc062723c751e8b465ee728b) (PreviewImporter) -> (artifact id: '9cc32bf0ae8b6c58885a72b8d78a9b1a') in 0.0858362 seconds
Number of updated asset objects reloaded before import = 0Number of asset objects unloaded after import = 90

========================================================================
Received Import Request.
  Time since last request: 111.697475 seconds.
  path: Assets/Import/HouseBasement/textures/brushed_concrete/brushed_concrete.mat
  artifactKey: Guid(5f7726695878b4a47900d62fa935a258) Importer(815301076,1909f56bfc062723c751e8b465ee728b)
Start importing Assets/Import/HouseBasement/textures/brushed_concrete/brushed_concrete.mat using Guid(5f7726695878b4a47900d62fa935a258) Importer(815301076,1909f56bfc062723c751e8b465ee728b) (PreviewImporter) -> (artifact id: 'ab71158a175b4185c9045cbf8208af33') in 0.0367348 seconds
Number of updated asset objects reloaded before import = 0Number of asset objects unloaded after import = 25

========================================================================
Received Import Request.
  Time since last request: 3644.431744 seconds.
  path: Assets/Import/HouseBasement/HouseBasement_001.blend
  artifactKey: Guid(5a6c6a820c2449f47b880e30bfe49003) Importer(815301076,1909f56bfc062723c751e8b465ee728b)
Start importing Assets/Import/HouseBasement/HouseBasement_001.blend using Guid(5a6c6a820c2449f47b880e30bfe49003) Importer(815301076,1909f56bfc062723c751e8b465ee728b) (PreviewImporter) -> (artifact id: '9cdefe8408026593a7f3a5cc774a770a') in 0.232531 seconds
Number of updated asset objects reloaded before import = 0Number of asset objects unloaded after import = 76

========================================================================
Received Import Request.
  Time since last request: 32.633085 seconds.
  path: Assets/Import/HouseBasement/HouseBasement_001.blend
  artifactKey: Guid(5a6c6a820c2449f47b880e30bfe49003) Importer(815301076,1909f56bfc062723c751e8b465ee728b)
Start importing Assets/Import/HouseBasement/HouseBasement_001.blend using Guid(5a6c6a820c2449f47b880e30bfe49003) Importer(815301076,1909f56bfc062723c751e8b465ee728b) (PreviewImporter) -> (artifact id: '43d7783f9d70ee6e1e2f0fa36897c669') in 0.1119394 seconds
Number of updated asset objects reloaded before import = 0Number of asset objects unloaded after import = 76

========================================================================
Received Import Request.
  Time since last request: 0.148395 seconds.
  path: Assets/Import/HouseBasement/HouseBasement_001.blend
  artifactKey: Guid(5a6c6a820c2449f47b880e30bfe49003) Importer(815301076,1909f56bfc062723c751e8b465ee728b)
Start importing Assets/Import/HouseBasement/HouseBasement_001.blend using Guid(5a6c6a820c2449f47b880e30bfe49003) Importer(815301076,1909f56bfc062723c751e8b465ee728b) (PreviewImporter) -> (artifact id: 'b29331be4bbb6ee6e355112480738d8d') in 0.1891116 seconds
Number of updated asset objects reloaded before import = 0Number of asset objects unloaded after import = 76

========================================================================
Received Import Request.
  Time since last request: 7.526922 seconds.
  path: Assets/Import/HouseBasement/materials
  artifactKey: Guid(f06cf728e27cc86438eedf4691905e1e) Importer(815301076,1909f56bfc062723c751e8b465ee728b)
Start importing Assets/Import/HouseBasement/materials using Guid(f06cf728e27cc86438eedf4691905e1e) Importer(815301076,1909f56bfc062723c751e8b465ee728b) (PreviewImporter) -> (artifact id: '787b2f5285d776de96794c3bfd9e8dd8') in 0.0018655 seconds
Number of updated asset objects reloaded before import = 0Number of asset objects unloaded after import = 0

========================================================================
Received Import Request.
  Time since last request: 0.048435 seconds.
  path: Assets/Import/HouseBasement/materials/basem._floor.mat
  artifactKey: Guid(b3e0074e10466cf47bc7b3e6e4dfd1f4) Importer(815301076,1909f56bfc062723c751e8b465ee728b)
Start importing Assets/Import/HouseBasement/materials/basem._floor.mat using Guid(b3e0074e10466cf47bc7b3e6e4dfd1f4) Importer(815301076,1909f56bfc062723c751e8b465ee728b) (PreviewImporter) -> (artifact id: 'f7158bd21f89d025eb3703e4e9668f94') in 0.0364271 seconds
Number of updated asset objects reloaded before import = 0Number of asset objects unloaded after import = 25

========================================================================
Received Import Request.
  Time since last request: 0.000038 seconds.
  path: Assets/Import/HouseBasement/materials/men.mat
  artifactKey: Guid(7c919f1b791d66f419228122a30470fa) Importer(815301076,1909f56bfc062723c751e8b465ee728b)
Start importing Assets/Import/HouseBasement/materials/men.mat using Guid(7c919f1b791d66f419228122a30470fa) Importer(815301076,1909f56bfc062723c751e8b465ee728b) (PreviewImporter) -> (artifact id: '52eb51a9fd9cfaf78286906274597346') in 0.0353423 seconds
Number of updated asset objects reloaded before import = 0Number of asset objects unloaded after import = 23

========================================================================
Received Import Request.
  Time since last request: 0.000042 seconds.
  path: Assets/Import/HouseBasement/materials/stairs.mat
  artifactKey: Guid(06cd9d4eb996668419f37b3762ec5a53) Importer(815301076,1909f56bfc062723c751e8b465ee728b)
Start importing Assets/Import/HouseBasement/materials/stairs.mat using Guid(06cd9d4eb996668419f37b3762ec5a53) Importer(815301076,1909f56bfc062723c751e8b465ee728b) (PreviewImporter) -> (artifact id: '311673f3bed183a2b0f4ecf62babb413') in 0.0404061 seconds
Number of updated asset objects reloaded before import = 0Number of asset objects unloaded after import = 25

========================================================================
Received Import Request.
  Time since last request: 206.594360 seconds.
  path: Assets/Import/HouseBasement/materials/basem._floor.mat
  artifactKey: Guid(b3e0074e10466cf47bc7b3e6e4dfd1f4) Importer(815301076,1909f56bfc062723c751e8b465ee728b)
Start importing Assets/Import/HouseBasement/materials/basem._floor.mat using Guid(b3e0074e10466cf47bc7b3e6e4dfd1f4) Importer(815301076,1909f56bfc062723c751e8b465ee728b) (PreviewImporter) -> (artifact id: '57aac2b20464eeea765de3534ede265d') in 0.038122 seconds
Number of updated asset objects reloaded before import = 0Number of asset objects unloaded after import = 25

========================================================================
Received Import Request.
  Time since last request: 0.000064 seconds.
  path: Assets/Import/HouseBasement/materials/men.mat
  artifactKey: Guid(7c919f1b791d66f419228122a30470fa) Importer(815301076,1909f56bfc062723c751e8b465ee728b)
Start importing Assets/Import/HouseBasement/materials/men.mat using Guid(7c919f1b791d66f419228122a30470fa) Importer(815301076,1909f56bfc062723c751e8b465ee728b) (PreviewImporter) -> (artifact id: '6070f1a81323b13b3edb0153e0866e13') in 0.0340515 seconds
Number of updated asset objects reloaded before import = 0Number of asset objects unloaded after import = 23

========================================================================
Received Import Request.
  Time since last request: 4886.662901 seconds.
  path: Assets/Import/Rooms/Hospital interior/uploads_files_3198702_Hospital.blend
  artifactKey: Guid(89c8c63907e0e4241984f7e678d9e98e) Importer(815301076,1909f56bfc062723c751e8b465ee728b)
Start importing Assets/Import/Rooms/Hospital interior/uploads_files_3198702_Hospital.blend using Guid(89c8c63907e0e4241984f7e678d9e98e) Importer(815301076,1909f56bfc062723c751e8b465ee728b) (PreviewImporter) -> (artifact id: '9b2a987a954a25e5f4ccf0095eed4e92') in 1.3901641 seconds
Number of updated asset objects reloaded before import = 0Number of asset objects unloaded after import = 331

========================================================================
Received Import Request.
  Time since last request: 0.000078 seconds.
  path: Assets/Import/Rooms/free car parking lot/uploads_files_4562929_parking.fbx
  artifactKey: Guid(45900d0df3776d94da62a0a687e86351) Importer(815301076,1909f56bfc062723c751e8b465ee728b)
Start importing Assets/Import/Rooms/free car parking lot/uploads_files_4562929_parking.fbx using Guid(45900d0df3776d94da62a0a687e86351) Importer(815301076,1909f56bfc062723c751e8b465ee728b) (PreviewImporter) -> (artifact id: '901a0d0cb9a9e29d0fdd7d7b38202c29') in 1.2702448 seconds
Number of updated asset objects reloaded before import = 0Number of asset objects unloaded after import = 278

========================================================================
Received Import Request.
  Time since last request: 1.347495 seconds.
  path: Assets/Import/Rooms/Small House/uploads_files_2969879_Small+house.blend
  artifactKey: Guid(54714c0962c3ff44aa20dfdafcf3d018) Importer(815301076,1909f56bfc062723c751e8b465ee728b)
Start importing Assets/Import/Rooms/Small House/uploads_files_2969879_Small+house.blend using Guid(54714c0962c3ff44aa20dfdafcf3d018) Importer(815301076,1909f56bfc062723c751e8b465ee728b) (PreviewImporter) -> (artifact id: 'fb7209d97d1fef002b8442346bc95261') in 3.8051192 seconds
Number of updated asset objects reloaded before import = 0Number of asset objects unloaded after import = 1950

========================================================================
Received Import Request.
  Time since last request: 0.000076 seconds.
  path: Assets/Import/Rooms/Small Spooky Rusted Hallway/Spooky Hallway.obj
  artifactKey: Guid(af4759cd94c0eb34ea91a3f03ea5e2ef) Importer(815301076,1909f56bfc062723c751e8b465ee728b)
Start importing Assets/Import/Rooms/Small Spooky Rusted Hallway/Spooky Hallway.obj using Guid(af4759cd94c0eb34ea91a3f03ea5e2ef) Importer(815301076,1909f56bfc062723c751e8b465ee728b) (PreviewImporter) -> (artifact id: '6a255ecf221f0a15075ccff08d5acc1b') in 0.0896353 seconds
Number of updated asset objects reloaded before import = 0Number of asset objects unloaded after import = 47

========================================================================
Received Import Request.
  Time since last request: 0.000051 seconds.
  path: Assets/Import/Rooms/Small Spooky Rusted Hallway/Spooky Hallway.blend
  artifactKey: Guid(7d83e310d31455a4f8266215f23b43ab) Importer(815301076,1909f56bfc062723c751e8b465ee728b)
Start importing Assets/Import/Rooms/Small Spooky Rusted Hallway/Spooky Hallway.blend using Guid(7d83e310d31455a4f8266215f23b43ab) Importer(815301076,1909f56bfc062723c751e8b465ee728b) (PreviewImporter) -> (artifact id: '1d5be581e1f4cb0818fa2dd05022043f') in 0.3906454 seconds
Number of updated asset objects reloaded before import = 0Number of asset objects unloaded after import = 145

========================================================================
Received Import Request.
  Time since last request: 106.131873 seconds.
  path: Assets/Import/Rooms/Small House/uploads_files_2969879_Small+house.blend
  artifactKey: Guid(54714c0962c3ff44aa20dfdafcf3d018) Importer(815301076,1909f56bfc062723c751e8b465ee728b)
Start importing Assets/Import/Rooms/Small House/uploads_files_2969879_Small+house.blend using Guid(54714c0962c3ff44aa20dfdafcf3d018) Importer(815301076,1909f56bfc062723c751e8b465ee728b) (PreviewImporter) -> (artifact id: '3a25688ee0f76a0ab12f2520ebaf01dd') in 5.6594238 seconds
Number of updated asset objects reloaded before import = 0Number of asset objects unloaded after import = 1950

========================================================================
Received Import Request.
  Time since last request: 887.444077 seconds.
  path: Assets/Import/Rooms/Small House/uploads_files_2969879_Small+house.blend
  artifactKey: Guid(54714c0962c3ff44aa20dfdafcf3d018) Importer(815301076,1909f56bfc062723c751e8b465ee728b)
Start importing Assets/Import/Rooms/Small House/uploads_files_2969879_Small+house.blend using Guid(54714c0962c3ff44aa20dfdafcf3d018) Importer(815301076,1909f56bfc062723c751e8b465ee728b) (PreviewImporter) -> (artifact id: '01c5462848652fad130af8ab18f1d8e9') in 3.258022 seconds
Number of updated asset objects reloaded before import = 0Number of asset objects unloaded after import = 1950

========================================================================
Received Import Request.
  Time since last request: 62.385990 seconds.
  path: Assets/Import/Rooms/Small House/Materials/Window Glass.mat
  artifactKey: Guid(31e51bf728d420d49826f91a783b2cfc) Importer(815301076,1909f56bfc062723c751e8b465ee728b)
Start importing Assets/Import/Rooms/Small House/Materials/Window Glass.mat using Guid(31e51bf728d420d49826f91a783b2cfc) Importer(815301076,1909f56bfc062723c751e8b465ee728b) (PreviewImporter) -> (artifact id: '6fcfe111d91bd7176be47f367ccddc8e') in 0.0436169 seconds
Number of updated asset objects reloaded before import = 0Number of asset objects unloaded after import = 23

========================================================================
Received Import Request.
  Time since last request: 7.171867 seconds.
  path: Assets/Import/Rooms/Small House/uploads_files_2969879_Small+house.blend
  artifactKey: Guid(54714c0962c3ff44aa20dfdafcf3d018) Importer(815301076,1909f56bfc062723c751e8b465ee728b)
Start importing Assets/Import/Rooms/Small House/uploads_files_2969879_Small+house.blend using Guid(54714c0962c3ff44aa20dfdafcf3d018) Importer(815301076,1909f56bfc062723c751e8b465ee728b) (PreviewImporter) -> (artifact id: 'bab86cb44663a0b3a4a04fbcf942f7eb') in 3.1333324 seconds
Number of updated asset objects reloaded before import = 0Number of asset objects unloaded after import = 1950

========================================================================
Received Import Request.
  Time since last request: 10.362645 seconds.
  path: Assets/Import/Rooms/Small House/SmallHouse.prefab
  artifactKey: Guid(0941e8a05be366c47a40e3225cad607f) Importer(815301076,1909f56bfc062723c751e8b465ee728b)
Start importing Assets/Import/Rooms/Small House/SmallHouse.prefab using Guid(0941e8a05be366c47a40e3225cad607f) Importer(815301076,1909f56bfc062723c751e8b465ee728b) (PreviewImporter) -> (artifact id: 'cb3823e523dfed020d85776723f4c3c4') in 0.2846359 seconds
Number of updated asset objects reloaded before import = 0Number of asset objects unloaded after import = 3475

========================================================================
Received Import Request.
  Time since last request: 77.185174 seconds.
  path: Assets/Readme.asset
  artifactKey: Guid(8105016687592461f977c054a80ce2f2) Importer(815301076,1909f56bfc062723c751e8b465ee728b)
Start importing Assets/Readme.asset using Guid(8105016687592461f977c054a80ce2f2) Importer(815301076,1909f56bfc062723c751e8b465ee728b) (PreviewImporter) -> (artifact id: '9b4af0d9c322880c6a3bf0410e4df78a') in 0.0303508 seconds
Number of updated asset objects reloaded before import = 0Number of asset objects unloaded after import = 2

========================================================================
Received Import Request.
  Time since last request: 49.467892 seconds.
  path: Assets/Materials/Ground/Ground_001.mat
  artifactKey: Guid(9a487655ce79f64498237c611f7b3dc0) Importer(815301076,1909f56bfc062723c751e8b465ee728b)
Start importing Assets/Materials/Ground/Ground_001.mat using Guid(9a487655ce79f64498237c611f7b3dc0) Importer(815301076,1909f56bfc062723c751e8b465ee728b) (PreviewImporter) -> (artifact id: '9e48312b16ccd915786bb17acd58b5e4') in 0.033606 seconds
Number of updated asset objects reloaded before import = 0Number of asset objects unloaded after import = 23

========================================================================
Received Import Request.
  Time since last request: 30.357671 seconds.
  path: Assets/Materials/Ground/Ground_002.mat
  artifactKey: Guid(3c2d2fccb459c8043938a424af264047) Importer(815301076,1909f56bfc062723c751e8b465ee728b)
Start importing Assets/Materials/Ground/Ground_002.mat using Guid(3c2d2fccb459c8043938a424af264047) Importer(815301076,1909f56bfc062723c751e8b465ee728b) (PreviewImporter) -> (artifact id: '69a14a23be6acc5875a504f81bc46c35') in 0.0317998 seconds
Number of updated asset objects reloaded before import = 0Number of asset objects unloaded after import = 24

========================================================================
Received Import Request.
  Time since last request: 47.694745 seconds.
  path: Assets/Materials/Door/Door1.mat
  artifactKey: Guid(404559ea2efaac748b869c643504495c) Importer(815301076,1909f56bfc062723c751e8b465ee728b)
Start importing Assets/Materials/Door/Door1.mat using Guid(404559ea2efaac748b869c643504495c) Importer(815301076,1909f56bfc062723c751e8b465ee728b) (PreviewImporter) -> (artifact id: 'e2993127e4134bcfd5b12b9db00f1e0e') in 0.0333713 seconds
Number of updated asset objects reloaded before import = 0Number of asset objects unloaded after import = 23

========================================================================
Received Import Request.
  Time since last request: 0.516625 seconds.
  path: Assets/Materials/Closet/Door.mat
  artifactKey: Guid(2c70fd7a2181b9842b9550fa94d4e193) Importer(815301076,1909f56bfc062723c751e8b465ee728b)
Start importing Assets/Materials/Closet/Door.mat using Guid(2c70fd7a2181b9842b9550fa94d4e193) Importer(815301076,1909f56bfc062723c751e8b465ee728b) (PreviewImporter) -> (artifact id: 'ec2f24b2158615be76de2055bc1544be') in 0.0293937 seconds
Number of updated asset objects reloaded before import = 0Number of asset objects unloaded after import = 23

========================================================================
Received Import Request.
  Time since last request: 0.000035 seconds.
  path: Assets/Materials/Closet/Ourside.mat
  artifactKey: Guid(1a445b9f23ccd5e4a8fac8422a89532f) Importer(815301076,1909f56bfc062723c751e8b465ee728b)
Start importing Assets/Materials/Closet/Ourside.mat using Guid(1a445b9f23ccd5e4a8fac8422a89532f) Importer(815301076,1909f56bfc062723c751e8b465ee728b) (PreviewImporter) -> (artifact id: 'd8754b1438fab60ce555a6f1d3d94353') in 0.0322737 seconds
Number of updated asset objects reloaded before import = 0Number of asset objects unloaded after import = 23

========================================================================
Received Import Request.
  Time since last request: 0.464565 seconds.
  path: Assets/Materials/Books1/Book0_material.mat
  artifactKey: Guid(29ab345082a11594097ee64a97a3d654) Importer(815301076,1909f56bfc062723c751e8b465ee728b)
Start importing Assets/Materials/Books1/Book0_material.mat using Guid(29ab345082a11594097ee64a97a3d654) Importer(815301076,1909f56bfc062723c751e8b465ee728b) (PreviewImporter) -> (artifact id: '5b1247cc27e641ffe5ba1f637242314c') in 0.0270156 seconds
Number of updated asset objects reloaded before import = 0Number of asset objects unloaded after import = 23

========================================================================
Received Import Request.
  Time since last request: 0.000045 seconds.
  path: Assets/Materials/Books1/Book24_material.mat
  artifactKey: Guid(e3d5d30d52e9ff64787d5003c706542f) Importer(815301076,1909f56bfc062723c751e8b465ee728b)
Start importing Assets/Materials/Books1/Book24_material.mat using Guid(e3d5d30d52e9ff64787d5003c706542f) Importer(815301076,1909f56bfc062723c751e8b465ee728b) (PreviewImporter) -> (artifact id: 'c2d4c2a085b35ee1cfdb7d53b438dd58') in 0.0386938 seconds
Number of updated asset objects reloaded before import = 0Number of asset objects unloaded after import = 23

========================================================================
Received Import Request.
  Time since last request: 0.000029 seconds.
  path: Assets/Materials/Books1/Book6_material.mat
  artifactKey: Guid(2fdd6a261ac300443a1817f30b09729b) Importer(815301076,1909f56bfc062723c751e8b465ee728b)
Start importing Assets/Materials/Books1/Book6_material.mat using Guid(2fdd6a261ac300443a1817f30b09729b) Importer(815301076,1909f56bfc062723c751e8b465ee728b) (PreviewImporter) -> (artifact id: 'f637d012f21719a9f41f7aff3405a537') in 0.0384926 seconds
Number of updated asset objects reloaded before import = 0Number of asset objects unloaded after import = 23

========================================================================
Received Import Request.
  Time since last request: 0.000056 seconds.
  path: Assets/Materials/Books1/Book2_material.mat
  artifactKey: Guid(d5e6e5f44eb76d544b78405198eb8880) Importer(815301076,1909f56bfc062723c751e8b465ee728b)
Start importing Assets/Materials/Books1/Book2_material.mat using Guid(d5e6e5f44eb76d544b78405198eb8880) Importer(815301076,1909f56bfc062723c751e8b465ee728b) (PreviewImporter) -> (artifact id: '8b9fb8e1449ac24b112d9bba5470bc63') in 0.0366727 seconds
Number of updated asset objects reloaded before import = 0Number of asset objects unloaded after import = 23

========================================================================
Received Import Request.
  Time since last request: 0.000053 seconds.
  path: Assets/Materials/Books1/Book15_material.mat
  artifactKey: Guid(16fdf1c45e0a0364893b612e270b58cd) Importer(815301076,1909f56bfc062723c751e8b465ee728b)
Start importing Assets/Materials/Books1/Book15_material.mat using Guid(16fdf1c45e0a0364893b612e270b58cd) Importer(815301076,1909f56bfc062723c751e8b465ee728b) (PreviewImporter) -> (artifact id: 'ca1688ab5da58ed83ad1ca18434dedb9') in 0.0383098 seconds
Number of updated asset objects reloaded before import = 0Number of asset objects unloaded after import = 23

========================================================================
Received Import Request.
  Time since last request: 0.000041 seconds.
  path: Assets/Materials/Books1/Book14_material.mat
  artifactKey: Guid(696ad960d5894ed4cae7084b121fbb96) Importer(815301076,1909f56bfc062723c751e8b465ee728b)
Start importing Assets/Materials/Books1/Book14_material.mat using Guid(696ad960d5894ed4cae7084b121fbb96) Importer(815301076,1909f56bfc062723c751e8b465ee728b) (PreviewImporter) -> (artifact id: '4e1f9b983705e5aeb387f35c0ea9be1a') in 0.0395111 seconds
Number of updated asset objects reloaded before import = 0Number of asset objects unloaded after import = 23

========================================================================
Received Import Request.
  Time since last request: 0.000043 seconds.
  path: Assets/Materials/Books1/Book13_material.mat
  artifactKey: Guid(e2f6e9feaab13494a86a7642ca964e36) Importer(815301076,1909f56bfc062723c751e8b465ee728b)
Start importing Assets/Materials/Books1/Book13_material.mat using Guid(e2f6e9feaab13494a86a7642ca964e36) Importer(815301076,1909f56bfc062723c751e8b465ee728b) (PreviewImporter) -> (artifact id: '5c537300c8e88eec95383f6e70d430f8') in 0.0372561 seconds
Number of updated asset objects reloaded before import = 0Number of asset objects unloaded after import = 23

========================================================================
Received Import Request.
  Time since last request: 0.000045 seconds.
  path: Assets/Materials/Books1/Book7_material.mat
  artifactKey: Guid(319912d9b0f0b1b4aab43c51911c0f2b) Importer(815301076,1909f56bfc062723c751e8b465ee728b)
Start importing Assets/Materials/Books1/Book7_material.mat using Guid(319912d9b0f0b1b4aab43c51911c0f2b) Importer(815301076,1909f56bfc062723c751e8b465ee728b) (PreviewImporter) -> (artifact id: 'a65e3d54541fce164435e2dba5eed8ef') in 0.0358883 seconds
Number of updated asset objects reloaded before import = 0Number of asset objects unloaded after import = 23

========================================================================
Received Import Request.
  Time since last request: 0.000042 seconds.
  path: Assets/Materials/Books1/Book25_material.mat
  artifactKey: Guid(c327c8790a6bb5141a2e1a0b7f9a9383) Importer(815301076,1909f56bfc062723c751e8b465ee728b)
Start importing Assets/Materials/Books1/Book25_material.mat using Guid(c327c8790a6bb5141a2e1a0b7f9a9383) Importer(815301076,1909f56bfc062723c751e8b465ee728b) (PreviewImporter) -> (artifact id: 'f923613157b7770227189d669c77360e') in 0.0380932 seconds
Number of updated asset objects reloaded before import = 0Number of asset objects unloaded after import = 23

========================================================================
Received Import Request.
  Time since last request: 0.000045 seconds.
  path: Assets/Materials/Books1/Book20_material.mat
  artifactKey: Guid(2aad845a9f4634f41adb47c80e4fa837) Importer(815301076,1909f56bfc062723c751e8b465ee728b)
Start importing Assets/Materials/Books1/Book20_material.mat using Guid(2aad845a9f4634f41adb47c80e4fa837) Importer(815301076,1909f56bfc062723c751e8b465ee728b) (PreviewImporter) -> (artifact id: '1d14b00d0f3ec0a2d153ff84dab18edc') in 0.0357601 seconds
Number of updated asset objects reloaded before import = 0Number of asset objects unloaded after import = 23

========================================================================
Received Import Request.
  Time since last request: 0.000062 seconds.
  path: Assets/Materials/Books1/Book8_material.mat
  artifactKey: Guid(5b5761ef0567c1b42ae6a9641aa88085) Importer(815301076,1909f56bfc062723c751e8b465ee728b)
Start importing Assets/Materials/Books1/Book8_material.mat using Guid(5b5761ef0567c1b42ae6a9641aa88085) Importer(815301076,1909f56bfc062723c751e8b465ee728b) (PreviewImporter) -> (artifact id: '7e8dc2de879806f3c46b44fde063c9cf') in 0.0295984 seconds
Number of updated asset objects reloaded before import = 0Number of asset objects unloaded after import = 23

========================================================================
Received Import Request.
  Time since last request: 0.000043 seconds.
  path: Assets/Materials/Books1/Book18_material.mat
  artifactKey: Guid(c9cedb4dfeefe6e46b4577da5b47c46d) Importer(815301076,1909f56bfc062723c751e8b465ee728b)
Start importing Assets/Materials/Books1/Book18_material.mat using Guid(c9cedb4dfeefe6e46b4577da5b47c46d) Importer(815301076,1909f56bfc062723c751e8b465ee728b) (PreviewImporter) -> (artifact id: '2e2a4d45105913b081fb160eb1332bb7') in 0.029755 seconds
Number of updated asset objects reloaded before import = 0Number of asset objects unloaded after import = 23

========================================================================
Received Import Request.
  Time since last request: 0.000048 seconds.
  path: Assets/Materials/Books1/Book10_material.mat
  artifactKey: Guid(a823fce457cd5804e9272ef5c96f0077) Importer(815301076,1909f56bfc062723c751e8b465ee728b)
Start importing Assets/Materials/Books1/Book10_material.mat using Guid(a823fce457cd5804e9272ef5c96f0077) Importer(815301076,1909f56bfc062723c751e8b465ee728b) (PreviewImporter) -> (artifact id: 'd972fd3b16bbbbab548e55fe02c6c5f7') in 0.0322593 seconds
Number of updated asset objects reloaded before import = 0Number of asset objects unloaded after import = 23

========================================================================
Received Import Request.
  Time since last request: 1.333065 seconds.
  path: Assets/Materials/CapCap.mat
  artifactKey: Guid(b1b45067b0785204bb236d8105f3eda8) Importer(815301076,1909f56bfc062723c751e8b465ee728b)
Start importing Assets/Materials/CapCap.mat using Guid(b1b45067b0785204bb236d8105f3eda8) Importer(815301076,1909f56bfc062723c751e8b465ee728b) (PreviewImporter) -> (artifact id: '4ff5b459d003764680f72379a59c424f') in 0.0269194 seconds
Number of updated asset objects reloaded before import = 0Number of asset objects unloaded after import = 23

========================================================================
Received Import Request.
  Time since last request: 0.000045 seconds.
  path: Assets/Materials/Rack.mat
  artifactKey: Guid(7832e7299ec898e4d838c825719a5e1e) Importer(815301076,1909f56bfc062723c751e8b465ee728b)
Start importing Assets/Materials/Rack.mat using Guid(7832e7299ec898e4d838c825719a5e1e) Importer(815301076,1909f56bfc062723c751e8b465ee728b) (PreviewImporter) -> (artifact id: '28630993698facd2f80b76921d471b19') in 0.1934422 seconds
Number of updated asset objects reloaded before import = 0Number of asset objects unloaded after import = 27

========================================================================
Received Import Request.
  Time since last request: 0.000051 seconds.
  path: Assets/Materials/Screw.mat
  artifactKey: Guid(d9a88054249fd9c46a33cb4d7137229a) Importer(815301076,1909f56bfc062723c751e8b465ee728b)
Start importing Assets/Materials/Screw.mat using Guid(d9a88054249fd9c46a33cb4d7137229a) Importer(815301076,1909f56bfc062723c751e8b465ee728b) (PreviewImporter) -> (artifact id: 'b378e42342a8d13968aa8e04c2fd9ca1') in 0.0362694 seconds
Number of updated asset objects reloaded before import = 0Number of asset objects unloaded after import = 23

========================================================================
Received Import Request.
  Time since last request: 0.000060 seconds.
  path: Assets/Materials/Notes.mat
  artifactKey: Guid(e7deb7189420e5843b3a55a71308dcd3) Importer(815301076,1909f56bfc062723c751e8b465ee728b)
Start importing Assets/Materials/Notes.mat using Guid(e7deb7189420e5843b3a55a71308dcd3) Importer(815301076,1909f56bfc062723c751e8b465ee728b) (PreviewImporter) -> (artifact id: 'f64452bdd81b2ff9ea2e8651aea1a1dd') in 0.0716447 seconds
Number of updated asset objects reloaded before import = 0Number of asset objects unloaded after import = 24

========================================================================
Received Import Request.
  Time since last request: 0.000049 seconds.
  path: Assets/Materials/Door_Metal.mat
  artifactKey: Guid(4f6aafeeee2363640a1320cb7effea86) Importer(815301076,1909f56bfc062723c751e8b465ee728b)
Start importing Assets/Materials/Door_Metal.mat using Guid(4f6aafeeee2363640a1320cb7effea86) Importer(815301076,1909f56bfc062723c751e8b465ee728b) (PreviewImporter) -> (artifact id: 'ca7252dd5b9bf7544465f85f6bf0b5ce') in 0.0690795 seconds
Number of updated asset objects reloaded before import = 0Number of asset objects unloaded after import = 25

========================================================================
Received Import Request.
  Time since last request: 0.000041 seconds.
  path: Assets/Materials/Player1.mat
  artifactKey: Guid(498956f449b7d394eab45bfdf46f812f) Importer(815301076,1909f56bfc062723c751e8b465ee728b)
Start importing Assets/Materials/Player1.mat using Guid(498956f449b7d394eab45bfdf46f812f) Importer(815301076,1909f56bfc062723c751e8b465ee728b) (PreviewImporter) -> (artifact id: '221e27bc7b2b9fe9641b29cda0b5d063') in 0.0354928 seconds
Number of updated asset objects reloaded before import = 0Number of asset objects unloaded after import = 23

========================================================================
Received Import Request.
  Time since last request: 0.000054 seconds.
  path: Assets/Materials/Puddle.mat
  artifactKey: Guid(e7789352cfbfbc445b186492b8bf86b8) Importer(815301076,1909f56bfc062723c751e8b465ee728b)
Start importing Assets/Materials/Puddle.mat using Guid(e7789352cfbfbc445b186492b8bf86b8) Importer(815301076,1909f56bfc062723c751e8b465ee728b) (PreviewImporter) -> (artifact id: 'c437f06eb6e462a144a02fb1134c39f7') in 0.040741 seconds
Number of updated asset objects reloaded before import = 0Number of asset objects unloaded after import = 23

========================================================================
Received Import Request.
  Time since last request: 0.000053 seconds.
  path: Assets/Materials/Ventilation_grd.mat
  artifactKey: Guid(172688a2744d64d4092d64912a8fe355) Importer(815301076,1909f56bfc062723c751e8b465ee728b)
Start importing Assets/Materials/Ventilation_grd.mat using Guid(172688a2744d64d4092d64912a8fe355) Importer(815301076,1909f56bfc062723c751e8b465ee728b) (PreviewImporter) -> (artifact id: '7bccd1fe49946b50fc328c8e0085be8d') in 0.048083 seconds
Number of updated asset objects reloaded before import = 0Number of asset objects unloaded after import = 23

========================================================================
Received Import Request.
  Time since last request: 0.000035 seconds.
  path: Assets/Materials/Toolbox.mat
  artifactKey: Guid(4a6d882afb146f4409bc366a2cf7132b) Importer(815301076,1909f56bfc062723c751e8b465ee728b)
Start importing Assets/Materials/Toolbox.mat using Guid(4a6d882afb146f4409bc366a2cf7132b) Importer(815301076,1909f56bfc062723c751e8b465ee728b) (PreviewImporter) -> (artifact id: '61de5e9616c7e18dd34682ac8bfa0a94') in 0.0484228 seconds
Number of updated asset objects reloaded before import = 0Number of asset objects unloaded after import = 24

========================================================================
Received Import Request.
  Time since last request: 1.345015 seconds.
  path: Assets/Import/HouseBasement/HouseBasement_001.blend
  artifactKey: Guid(5a6c6a820c2449f47b880e30bfe49003) Importer(815301076,1909f56bfc062723c751e8b465ee728b)
Start importing Assets/Import/HouseBasement/HouseBasement_001.blend using Guid(5a6c6a820c2449f47b880e30bfe49003) Importer(815301076,1909f56bfc062723c751e8b465ee728b) (PreviewImporter) -> (artifact id: '0537e324ac031921a733ec98a5e15679') in 0.2730071 seconds
Number of updated asset objects reloaded before import = 0Number of asset objects unloaded after import = 87

========================================================================
Received Import Request.
  Time since last request: 10.518028 seconds.
  path: Assets/Import/HouseBasement/HouseBasement_001.prefab
  artifactKey: Guid(c1e9c907a6b35054183e8693a18fad68) Importer(815301076,1909f56bfc062723c751e8b465ee728b)
Start importing Assets/Import/HouseBasement/HouseBasement_001.prefab using Guid(c1e9c907a6b35054183e8693a18fad68) Importer(815301076,1909f56bfc062723c751e8b465ee728b) (PreviewImporter) -> (artifact id: 'f2e3bbb5162815229519d4a8207e4f59') in 0.0664848 seconds
Number of updated asset objects reloaded before import = 0Number of asset objects unloaded after import = 120

========================================================================
Received Import Request.
  Time since last request: 81.502702 seconds.
  path: Assets/Import/HouseBasement/HouseBasement_001.blend
  artifactKey: Guid(5a6c6a820c2449f47b880e30bfe49003) Importer(815301076,1909f56bfc062723c751e8b465ee728b)
Start importing Assets/Import/HouseBasement/HouseBasement_001.blend using Guid(5a6c6a820c2449f47b880e30bfe49003) Importer(815301076,1909f56bfc062723c751e8b465ee728b) (PreviewImporter) -> (artifact id: '49e50bb6c4bf3963e1fb06fee6fc4ae1') in 0.2089543 seconds
Number of updated asset objects reloaded before import = 0Number of asset objects unloaded after import = 87

========================================================================
Received Import Request.
  Time since last request: 182.450427 seconds.
  path: Assets/Import/HouseBasement/HouseBasement_001.blend
  artifactKey: Guid(5a6c6a820c2449f47b880e30bfe49003) Importer(815301076,1909f56bfc062723c751e8b465ee728b)
Start importing Assets/Import/HouseBasement/HouseBasement_001.blend using Guid(5a6c6a820c2449f47b880e30bfe49003) Importer(815301076,1909f56bfc062723c751e8b465ee728b) (PreviewImporter) -> (artifact id: '9c1f31925dc4267e9f41f9c2163a379b') in 0.2506065 seconds
Number of updated asset objects reloaded before import = 0Number of asset objects unloaded after import = 87

========================================================================
Received Import Request.
  Time since last request: 52.662411 seconds.
  path: Assets/Import/HouseBasement/HouseBasement_001.blend
  artifactKey: Guid(5a6c6a820c2449f47b880e30bfe49003) Importer(815301076,1909f56bfc062723c751e8b465ee728b)
Start importing Assets/Import/HouseBasement/HouseBasement_001.blend using Guid(5a6c6a820c2449f47b880e30bfe49003) Importer(815301076,1909f56bfc062723c751e8b465ee728b) (PreviewImporter) -> (artifact id: '7ba8131f4b2cb437e384592fc8274802') in 0.2447265 seconds
Number of updated asset objects reloaded before import = 0Number of asset objects unloaded after import = 87

