Using pre-set license
Built from '2023.2/staging' branch; Version is '2023.2.1f1 (a6dd9a634651) revision 10935706'; Using compiler version '193431935'; Build Type 'Release'
OS: 'Windows 10  (10.0.19045) 64bit Professional' Language: 'ru' Physical Memory: 16275 MB
BatchMode: 1, IsHumanControllingUs: 0, StartBugReporterOnCrash: 0, Is64bit: 1, IsPro: 1

COMMAND LINE ARGUMENTS:
E:\Programms\2023.2.1f1\Editor\Unity.exe
-adb2
-batchMode
-noUpm
-name
AssetImportWorker0
-projectPath
E:/Unity_Projects/Repository-BrackeysGameJam2024.1/WHAT-IS-BEHIND-THE-DOOR_BrackeysGameJam2024.1
-logFile
Logs/AssetImportWorker0.log
-srvPort
53933
-job-worker-count
3
-background-job-worker-count
8
-asset-garbage-collectors
1
Successfully changed project path to: E:/Unity_Projects/Repository-BrackeysGameJam2024.1/WHAT-IS-BEHIND-THE-DOOR_BrackeysGameJam2024.1
E:/Unity_Projects/Repository-BrackeysGameJam2024.1/WHAT-IS-BEHIND-THE-DOOR_BrackeysGameJam2024.1
[UnityMemory] Configuration Parameters - Can be set up in boot.config
    "memorysetup-bucket-allocator-granularity=16"
    "memorysetup-bucket-allocator-bucket-count=8"
    "memorysetup-bucket-allocator-block-size=33554432"
    "memorysetup-bucket-allocator-block-count=8"
    "memorysetup-main-allocator-block-size=16777216"
    "memorysetup-thread-allocator-block-size=16777216"
    "memorysetup-gfx-main-allocator-block-size=16777216"
    "memorysetup-gfx-thread-allocator-block-size=16777216"
    "memorysetup-cache-allocator-block-size=4194304"
    "memorysetup-typetree-allocator-block-size=2097152"
    "memorysetup-profiler-bucket-allocator-granularity=16"
    "memorysetup-profiler-bucket-allocator-bucket-count=8"
    "memorysetup-profiler-bucket-allocator-block-size=33554432"
    "memorysetup-profiler-bucket-allocator-block-count=8"
    "memorysetup-profiler-allocator-block-size=16777216"
    "memorysetup-profiler-editor-allocator-block-size=1048576"
    "memorysetup-temp-allocator-size-main=16777216"
    "memorysetup-job-temp-allocator-block-size=2097152"
    "memorysetup-job-temp-allocator-block-size-background=1048576"
    "memorysetup-job-temp-allocator-reduction-small-platforms=262144"
    "memorysetup-allocator-temp-initial-block-size-main=262144"
    "memorysetup-allocator-temp-initial-block-size-worker=262144"
    "memorysetup-temp-allocator-size-background-worker=32768"
    "memorysetup-temp-allocator-size-job-worker=262144"
    "memorysetup-temp-allocator-size-preload-manager=33554432"
    "memorysetup-temp-allocator-size-nav-mesh-worker=65536"
    "memorysetup-temp-allocator-size-audio-worker=65536"
    "memorysetup-temp-allocator-size-cloud-worker=32768"
    "memorysetup-temp-allocator-size-gi-baking-worker=262144"
    "memorysetup-temp-allocator-size-gi-baking-worker=262144"
    "memorysetup-temp-allocator-size-gi-baking-worker=262144"
    "memorysetup-temp-allocator-size-gi-baking-worker=262144"
    "memorysetup-temp-allocator-size-gfx=262144"
Player connection [16484] Host "[IP] 192.168.1.48 [Port] 0 [Flags] 2 [Guid] 2610787153 [EditorId] 2610787153 [Version] 1048832 [Id] WindowsEditor(7,DESKTOP-D0KS969) [Debug] 1 [PackageName] WindowsEditor [ProjectName] Editor" joined multi-casting on [225.0.0.222:54997]...
Player connection [16484] Host "[IP] 192.168.1.48 [Port] 0 [Flags] 2 [Guid] 2610787153 [EditorId] 2610787153 [Version] 1048832 [Id] WindowsEditor(7,DESKTOP-D0KS969) [Debug] 1 [PackageName] WindowsEditor [ProjectName] Editor" joined alternative multi-casting on [225.0.0.222:34997]...
JobSystem: Creating JobQueue using job-worker-count value 3
[Physics::Module] Initialized MultithreadedJobDispatcher with 3 workers.
Library Redirect Path: Library/
Refreshing native plugins compatible for Editor in 15.68 ms, found 8 plugins.
Preloading 0 native plugins for Editor in 0.00 ms.
Initialize engine version: 2023.2.1f1 (a6dd9a634651)
[Subsystems] Discovering subsystems at path E:/Programms/2023.2.1f1/Editor/Data/Resources/UnitySubsystems
[Subsystems] Discovering subsystems at path E:/Unity_Projects/Repository-BrackeysGameJam2024.1/WHAT-IS-BEHIND-THE-DOOR_BrackeysGameJam2024.1/Assets
GfxDevice: creating device client; kGfxThreadingModeNonThreaded
Direct3D:
    Version:  Direct3D 11.0 [level 11.0]
    Renderer: Intel(R) HD Graphics 4000 (ID=0x166)
    Vendor:   Intel
    VRAM:     128 MB
    Driver:   10.18.10.5161
Initialize mono
Mono path[0] = 'E:/Programms/2023.2.1f1/Editor/Data/Managed'
Mono path[1] = 'E:/Programms/2023.2.1f1/Editor/Data/MonoBleedingEdge/lib/mono/unityjit-win32'
Mono config path = 'E:/Programms/2023.2.1f1/Editor/Data/MonoBleedingEdge/etc'
Using monoOptions --debugger-agent=transport=dt_socket,embedding=1,server=y,suspend=n,address=127.0.0.1:56644
Begin MonoManager ReloadAssembly
C:\build\output\Unity-Technologies\mono\mono\metadata\icall.c:1842:
C:\build\output\Unity-Technologies\mono\mono\metadata\icall.c:1842:
C:\build\output\Unity-Technologies\mono\mono\metadata\icall.c:1842:
C:\build\output\Unity-Technologies\mono\mono\metadata\icall.c:1842:
C:\build\output\Unity-Technologies\mono\mono\metadata\icall.c:1842:
C:\build\output\Unity-Technologies\mono\mono\metadata\icall.c:1842:
C:\build\output\Unity-Technologies\mono\mono\metadata\icall.c:1842:
C:\build\output\Unity-Technologies\mono\mono\metadata\icall.c:1842:
C:\build\output\Unity-Technologies\mono\mono\metadata\icall.c:1842:
C:\build\output\Unity-Technologies\mono\mono\metadata\icall.c:1842:
Registering precompiled unity dll's ...
Register platform support module: E:/Programms/2023.2.1f1/Editor/Data/PlaybackEngines/WebGLSupport/UnityEditor.WebGL.Extensions.dll
Register platform support module: E:/Programms/2023.2.1f1/Editor/Data/PlaybackEngines/WindowsStandaloneSupport/UnityEditor.WindowsStandalone.Extensions.dll
Register platform support module: E:/Programms/2023.2.1f1/Editor/Data/PlaybackEngines/AndroidPlayer/UnityEditor.Android.Extensions.dll
Register platform support module: E:/Programms/2023.2.1f1/Editor/Data/PlaybackEngines/LinuxStandaloneSupport/UnityEditor.LinuxStandalone.Extensions.dll
Registered in 0.011843 seconds.
- Loaded All Assemblies, in  1.333 seconds
Native extension for LinuxStandalone target not found
Native extension for Android target not found
Android Extension - Scanning For ADB Devices 1235 ms
Native extension for WindowsStandalone target not found
Native extension for WebGL target not found
Mono: successfully reloaded assembly
C:\build\output\Unity-Technologies\mono\mono\metadata\icall.c:1842:
C:\build\output\Unity-Technologies\mono\mono\metadata\icall.c:1842:
- Finished resetting the current domain, in  4.886 seconds
Domain Reload Profiling: 6220ms
	BeginReloadAssembly (482ms)
		ExecutionOrderSort (0ms)
		DisableScriptedObjects (0ms)
		BackupInstance (0ms)
		ReleaseScriptingObjects (0ms)
		CreateAndSetChildDomain (3ms)
	RebuildCommonClasses (130ms)
	RebuildNativeTypeToScriptingClass (42ms)
	initialDomainReloadingComplete (155ms)
	LoadAllAssembliesAndSetupDomain (522ms)
		LoadAssemblies (481ms)
		RebuildTransferFunctionScriptingTraits (0ms)
		AnalyzeDomain (510ms)
			TypeCache.Refresh (508ms)
				TypeCache.ScanAssembly (464ms)
			BuildScriptInfoCaches (0ms)
			ResolveRequiredComponents (1ms)
	FinalizeReload (4889ms)
		ReleaseScriptCaches (0ms)
		RebuildScriptCaches (0ms)
		SetupLoadedEditorAssemblies (4657ms)
			LogAssemblyErrors (0ms)
			InitializePlatformSupportModulesInManaged (1637ms)
			SetLoadedEditorAssemblies (12ms)
			BeforeProcessingInitializeOnLoad (64ms)
			ProcessInitializeOnLoadAttributes (2369ms)
			ProcessInitializeOnLoadMethodAttributes (575ms)
			AfterProcessingInitializeOnLoad (0ms)
			EditorAssembliesLoaded (0ms)
		ExecutionOrderSort2 (0ms)
		AwakeInstancesAfterBackupRestoration (0ms)
========================================================================
Worker process is ready to serve import requests
Import Worker Mode flag is 0x00
Begin MonoManager ReloadAssembly
C:\build\output\Unity-Technologies\mono\mono\metadata\icall.c:1842:
C:\build\output\Unity-Technologies\mono\mono\metadata\icall.c:1842:
C:\build\output\Unity-Technologies\mono\mono\metadata\icall.c:1842:
C:\build\output\Unity-Technologies\mono\mono\metadata\icall.c:1842:
C:\build\output\Unity-Technologies\mono\mono\metadata\icall.c:1842:
C:\build\output\Unity-Technologies\mono\mono\metadata\icall.c:1842:
C:\build\output\Unity-Technologies\mono\mono\metadata\icall.c:1842:
C:\build\output\Unity-Technologies\mono\mono\metadata\icall.c:1842:
C:\build\output\Unity-Technologies\mono\mono\metadata\icall.c:1842:
C:\build\output\Unity-Technologies\mono\mono\metadata\icall.c:1842:
C:\build\output\Unity-Technologies\mono\mono\metadata\icall.c:1842:
C:\build\output\Unity-Technologies\mono\mono\metadata\icall.c:1842:
Symbol file LoadedFromMemory doesn't match image E:\Unity_Projects\Repository-BrackeysGameJam2024.1\WHAT-IS-BEHIND-THE-DOOR_BrackeysGameJam2024.1\Library\PackageCache\com.unity.visualscripting@1.8.0\Editor\VisualScripting.Core\Dependencies\YamlDotNet\Unity.VisualScripting.YamlDotNet.dll
Symbol file LoadedFromMemory doesn't match image E:\Unity_Projects\Repository-BrackeysGameJam2024.1\WHAT-IS-BEHIND-THE-DOOR_BrackeysGameJam2024.1\Library\PackageCache\com.unity.visualscripting@1.8.0\Editor\VisualScripting.Core\Dependencies\DotNetZip\Unity.VisualScripting.IonicZip.dll
- Loaded All Assemblies, in  8.331 seconds
Refreshing native plugins compatible for Editor in 35.12 ms, found 8 plugins.
Native extension for LinuxStandalone target not found
Native extension for Android target not found
Native extension for WindowsStandalone target not found
Native extension for WebGL target not found
Mono: successfully reloaded assembly
- Finished resetting the current domain, in  8.977 seconds
Domain Reload Profiling: 17270ms
	BeginReloadAssembly (2910ms)
		ExecutionOrderSort (0ms)
		DisableScriptedObjects (24ms)
		BackupInstance (0ms)
		ReleaseScriptingObjects (0ms)
		CreateAndSetChildDomain (392ms)
	RebuildCommonClasses (428ms)
	RebuildNativeTypeToScriptingClass (85ms)
	initialDomainReloadingComplete (603ms)
	LoadAllAssembliesAndSetupDomain (4265ms)
		LoadAssemblies (2669ms)
		RebuildTransferFunctionScriptingTraits (0ms)
		AnalyzeDomain (2681ms)
			TypeCache.Refresh (2295ms)
				TypeCache.ScanAssembly (1968ms)
			BuildScriptInfoCaches (241ms)
			ResolveRequiredComponents (104ms)
	FinalizeReload (8978ms)
		ReleaseScriptCaches (0ms)
		RebuildScriptCaches (0ms)
		SetupLoadedEditorAssemblies (6783ms)
			LogAssemblyErrors (0ms)
			InitializePlatformSupportModulesInManaged (434ms)
			SetLoadedEditorAssemblies (23ms)
			BeforeProcessingInitializeOnLoad (804ms)
			ProcessInitializeOnLoadAttributes (5133ms)
			ProcessInitializeOnLoadMethodAttributes (369ms)
			AfterProcessingInitializeOnLoad (19ms)
			EditorAssembliesLoaded (1ms)
		ExecutionOrderSort2 (0ms)
		AwakeInstancesAfterBackupRestoration (22ms)
Shader Hidden/ProbeVolume/VoxelizeScene is not supported: GPU does not support conservative rasterization
Shader Hidden/ProbeVolume/VoxelizeScene is not supported: GPU does not support conservative rasterization
Launched and connected shader compiler UnityShaderCompiler.exe after 0.14 seconds
Refreshing native plugins compatible for Editor in 30.10 ms, found 8 plugins.
Preloading 0 native plugins for Editor in 0.00 ms.
Unloading 230 Unused Serialized files (Serialized files now loaded: 0)
Unloading 6762 unused Assets / (3.7 MB). Loaded Objects now: 7460.
Memory consumption went from 202.7 MB to 198.9 MB.
Total: 176.930300 ms (FindLiveObjects: 30.189700 ms CreateObjectMapping: 12.999100 ms MarkObjects: 120.203400 ms  DeleteObjects: 13.534800 ms)

========================================================================
Received Import Request.
  Time since last request: 32792.847382 seconds.
  path: Assets/Import/Puddle.prefab
  artifactKey: Guid(c1e944c5539832943a12579b14e4707f) Importer(815301076,1909f56bfc062723c751e8b465ee728b)
Start importing Assets/Import/Puddle.prefab using Guid(c1e944c5539832943a12579b14e4707f) Importer(815301076,1909f56bfc062723c751e8b465ee728b) (PreviewImporter) -> (artifact id: 'dbaabc791924de1511fbe33339c65e22') in 2.2478261 seconds
Number of updated asset objects reloaded before import = 0Number of asset objects unloaded after import = 78

========================================================================
Received Import Request.
  Time since last request: 0.000061 seconds.
  path: Assets/Import/Door_Metal.prefab
  artifactKey: Guid(5f2bc37172419fe43a865f0f5626ea5e) Importer(815301076,1909f56bfc062723c751e8b465ee728b)
Start importing Assets/Import/Door_Metal.prefab using Guid(5f2bc37172419fe43a865f0f5626ea5e) Importer(815301076,1909f56bfc062723c751e8b465ee728b) (PreviewImporter) -> (artifact id: '172a15d0655dafc07054d47c71968ba5') in 3.1565755 seconds
Number of updated asset objects reloaded before import = 0Number of asset objects unloaded after import = 43

========================================================================
Received Import Request.
  Time since last request: 0.001330 seconds.
  path: Assets/Import/Hammer.prefab
  artifactKey: Guid(2a134ad9aca18dd4e99cd57ecd220bec) Importer(815301076,1909f56bfc062723c751e8b465ee728b)
Start importing Assets/Import/Hammer.prefab using Guid(2a134ad9aca18dd4e99cd57ecd220bec) Importer(815301076,1909f56bfc062723c751e8b465ee728b) (PreviewImporter) -> (artifact id: 'cf3594e0d7b54b021ab0afd3cf16389d') in 0.4924908 seconds
Number of updated asset objects reloaded before import = 0Number of asset objects unloaded after import = 45

========================================================================
Received Import Request.
  Time since last request: 0.000076 seconds.
  path: Assets/Import/InteractKeys.prefab
  artifactKey: Guid(c24f8f6a4d3f83a44a47ac741e541f51) Importer(815301076,1909f56bfc062723c751e8b465ee728b)
Start importing Assets/Import/InteractKeys.prefab using Guid(c24f8f6a4d3f83a44a47ac741e541f51) Importer(815301076,1909f56bfc062723c751e8b465ee728b) (PreviewImporter)Refreshing native plugins compatible for Editor in 9.29 ms, found 8 plugins.
Preloading 0 native plugins for Editor in 0.00 ms.
 -> (artifact id: '07983aa594fe2aebed6a9420bc929389') in 0.8169969 seconds
Number of updated asset objects reloaded before import = 0Number of asset objects unloaded after import = 163

========================================================================
Received Import Request.
  Time since last request: 0.000086 seconds.
  path: Assets/Import/Lamp.prefab
  artifactKey: Guid(d1fbb3d126452b44c819fda5af718d46) Importer(815301076,1909f56bfc062723c751e8b465ee728b)
Start importing Assets/Import/Lamp.prefab using Guid(d1fbb3d126452b44c819fda5af718d46) Importer(815301076,1909f56bfc062723c751e8b465ee728b) (PreviewImporter) -> (artifact id: 'c83f6eff154f30db8654898d8d9d677e') in 2.2264113 seconds
Number of updated asset objects reloaded before import = 0Number of asset objects unloaded after import = 121

========================================================================
Received Import Request.
  Time since last request: 0.000073 seconds.
  path: Assets/Import/Closet1.prefab
  artifactKey: Guid(ac35fff2843be384ba6f2f163b35fbe3) Importer(815301076,1909f56bfc062723c751e8b465ee728b)
Start importing Assets/Import/Closet1.prefab using Guid(ac35fff2843be384ba6f2f163b35fbe3) Importer(815301076,1909f56bfc062723c751e8b465ee728b) (PreviewImporter)Refreshing native plugins compatible for Editor in 8.54 ms, found 8 plugins.
Preloading 0 native plugins for Editor in 0.00 ms.
 -> (artifact id: 'c5568dc6e2076f89a8558eb2b7b774b7') in 0.1428628 seconds
Number of updated asset objects reloaded before import = 0Number of asset objects unloaded after import = 166

========================================================================
Received Import Request.
  Time since last request: 0.000070 seconds.
  path: Assets/Import/Jar.prefab
  artifactKey: Guid(3a33a93de6fd8cb41b9394ec5b45b756) Importer(815301076,1909f56bfc062723c751e8b465ee728b)
Start importing Assets/Import/Jar.prefab using Guid(3a33a93de6fd8cb41b9394ec5b45b756) Importer(815301076,1909f56bfc062723c751e8b465ee728b) (PreviewImporter) -> (artifact id: '7b88f4d045b2f7d8625ac41aa95ba01b') in 0.2623431 seconds
Number of updated asset objects reloaded before import = 0Number of asset objects unloaded after import = 260

========================================================================
Received Import Request.
  Time since last request: 0.000115 seconds.
  path: Assets/Import/Book.prefab
  artifactKey: Guid(81f5e2dd2f90d514782ae42f3bce4519) Importer(815301076,1909f56bfc062723c751e8b465ee728b)
Start importing Assets/Import/Book.prefab using Guid(81f5e2dd2f90d514782ae42f3bce4519) Importer(815301076,1909f56bfc062723c751e8b465ee728b) (PreviewImporter) -> (artifact id: '7bf8890e9d7d2cdea7b76564d7e8d1ba') in 0.0942745 seconds
Number of updated asset objects reloaded before import = 0Number of asset objects unloaded after import = 71

========================================================================
Received Import Request.
  Time since last request: 0.000068 seconds.
  path: Assets/Import/Notes.prefab
  artifactKey: Guid(aea8016e870b5df468a3911fd6bed640) Importer(815301076,1909f56bfc062723c751e8b465ee728b)
Start importing Assets/Import/Notes.prefab using Guid(aea8016e870b5df468a3911fd6bed640) Importer(815301076,1909f56bfc062723c751e8b465ee728b) (PreviewImporter) -> (artifact id: 'fd1728ba9bdd95eea1f9dfb2bdfe9dc0') in 0.3370975 seconds
Number of updated asset objects reloaded before import = 0Number of asset objects unloaded after import = 41

========================================================================
Received Import Request.
  Time since last request: 0.000187 seconds.
  path: Assets/Import/ImpactWrench.prefab
  artifactKey: Guid(c931ba6f62772254cac94992569fb9ab) Importer(815301076,1909f56bfc062723c751e8b465ee728b)
Start importing Assets/Import/ImpactWrench.prefab using Guid(c931ba6f62772254cac94992569fb9ab) Importer(815301076,1909f56bfc062723c751e8b465ee728b) (PreviewImporter) -> (artifact id: '528bff5f41db2ae54b7072e9f524ee58') in 9.1335038 seconds
Number of updated asset objects reloaded before import = 0Number of asset objects unloaded after import = 53

========================================================================
Received Prepare
Begin MonoManager ReloadAssembly
C:\build\output\Unity-Technologies\mono\mono\metadata\icall.c:1842:
C:\build\output\Unity-Technologies\mono\mono\metadata\icall.c:1842:
C:\build\output\Unity-Technologies\mono\mono\metadata\icall.c:1842:
C:\build\output\Unity-Technologies\mono\mono\metadata\icall.c:1842:
C:\build\output\Unity-Technologies\mono\mono\metadata\icall.c:1842:
C:\build\output\Unity-Technologies\mono\mono\metadata\icall.c:1842:
C:\build\output\Unity-Technologies\mono\mono\metadata\icall.c:1842:
C:\build\output\Unity-Technologies\mono\mono\metadata\icall.c:1842:
C:\build\output\Unity-Technologies\mono\mono\metadata\icall.c:1842:
C:\build\output\Unity-Technologies\mono\mono\metadata\icall.c:1842:
C:\build\output\Unity-Technologies\mono\mono\metadata\icall.c:1842:
C:\build\output\Unity-Technologies\mono\mono\metadata\icall.c:1842:
Symbol file LoadedFromMemory doesn't match image E:\Unity_Projects\Repository-BrackeysGameJam2024.1\WHAT-IS-BEHIND-THE-DOOR_BrackeysGameJam2024.1\Library\PackageCache\com.unity.visualscripting@1.8.0\Editor\VisualScripting.Core\Dependencies\YamlDotNet\Unity.VisualScripting.YamlDotNet.dll
Symbol file LoadedFromMemory doesn't match image E:\Unity_Projects\Repository-BrackeysGameJam2024.1\WHAT-IS-BEHIND-THE-DOOR_BrackeysGameJam2024.1\Library\PackageCache\com.unity.visualscripting@1.8.0\Editor\VisualScripting.Core\Dependencies\DotNetZip\Unity.VisualScripting.IonicZip.dll
- Loaded All Assemblies, in  2.478 seconds
Refreshing native plugins compatible for Editor in 8.70 ms, found 8 plugins.
Native extension for LinuxStandalone target not found
Native extension for Android target not found
Native extension for WindowsStandalone target not found
Native extension for WebGL target not found
Mono: successfully reloaded assembly
- Finished resetting the current domain, in  2.284 seconds
Domain Reload Profiling: 4766ms
	BeginReloadAssembly (690ms)
		ExecutionOrderSort (0ms)
		DisableScriptedObjects (29ms)
		BackupInstance (0ms)
		ReleaseScriptingObjects (0ms)
		CreateAndSetChildDomain (197ms)
	RebuildCommonClasses (146ms)
	RebuildNativeTypeToScriptingClass (33ms)
	initialDomainReloadingComplete (56ms)
	LoadAllAssembliesAndSetupDomain (1556ms)
		LoadAssemblies (1256ms)
		RebuildTransferFunctionScriptingTraits (0ms)
		AnalyzeDomain (635ms)
			TypeCache.Refresh (42ms)
				TypeCache.ScanAssembly (5ms)
			BuildScriptInfoCaches (533ms)
			ResolveRequiredComponents (52ms)
	FinalizeReload (2285ms)
		ReleaseScriptCaches (0ms)
		RebuildScriptCaches (0ms)
		SetupLoadedEditorAssemblies (1371ms)
			LogAssemblyErrors (0ms)
			InitializePlatformSupportModulesInManaged (71ms)
			SetLoadedEditorAssemblies (11ms)
			BeforeProcessingInitializeOnLoad (253ms)
			ProcessInitializeOnLoadAttributes (938ms)
			ProcessInitializeOnLoadMethodAttributes (91ms)
			AfterProcessingInitializeOnLoad (6ms)
			EditorAssembliesLoaded (0ms)
		ExecutionOrderSort2 (0ms)
		AwakeInstancesAfterBackupRestoration (37ms)
Shader Hidden/ProbeVolume/VoxelizeScene is not supported: GPU does not support conservative rasterization
Shader Hidden/ProbeVolume/VoxelizeScene is not supported: GPU does not support conservative rasterization
Refreshing native plugins compatible for Editor in 9.56 ms, found 8 plugins.
Preloading 0 native plugins for Editor in 0.00 ms.
Unloading 43 Unused Serialized files (Serialized files now loaded: 0)
Unloading 6759 unused Assets / (7.0 MB). Loaded Objects now: 7498.
Memory consumption went from 179.7 MB to 172.7 MB.
Total: 17.849400 ms (FindLiveObjects: 1.001800 ms CreateObjectMapping: 1.497400 ms MarkObjects: 8.466400 ms  DeleteObjects: 6.882100 ms)

Prepare: number of updated asset objects reloaded= 0
