Using pre-set license
Built from '2023.2/staging' branch; Version is '2023.2.1f1 (a6dd9a634651) revision 10935706'; Using compiler version '193431935'; Build Type 'Release'
OS: 'Windows 10  (10.0.19045) 64bit Core' Language: 'ru' Physical Memory: 5982 MB
BatchMode: 1, IsHumanControllingUs: 0, StartBugReporterOnCrash: 0, Is64bit: 1, IsPro: 1

COMMAND LINE ARGUMENTS:
C:\unity_flyup\2023.2.1f1\Editor\Unity.exe
-adb2
-batchMode
-noUpm
-name
AssetImportWorker1
-projectPath
C:/Users/1/Desktop/Unity/Repository-BrackeysGameJam2024.1/WHAT-IS-BEHIND-THE-DOOR_BrackeysGameJam2024.1
-logFile
Logs/AssetImportWorker1.log
-srvPort
59142
-job-worker-count
1
-background-job-worker-count
8
-asset-garbage-collectors
1
Successfully changed project path to: C:/Users/1/Desktop/Unity/Repository-BrackeysGameJam2024.1/WHAT-IS-BEHIND-THE-DOOR_BrackeysGameJam2024.1
C:/Users/1/Desktop/Unity/Repository-BrackeysGameJam2024.1/WHAT-IS-BEHIND-THE-DOOR_BrackeysGameJam2024.1
[UnityMemory] Configuration Parameters - Can be set up in boot.config
    "memorysetup-bucket-allocator-granularity=16"
    "memorysetup-bucket-allocator-bucket-count=8"
    "memorysetup-bucket-allocator-block-size=33554432"
    "memorysetup-bucket-allocator-block-count=8"
    "memorysetup-main-allocator-block-size=16777216"
    "memorysetup-thread-allocator-block-size=16777216"
    "memorysetup-gfx-main-allocator-block-size=16777216"
    "memorysetup-gfx-thread-allocator-block-size=16777216"
    "memorysetup-cache-allocator-block-size=4194304"
    "memorysetup-typetree-allocator-block-size=2097152"
    "memorysetup-profiler-bucket-allocator-granularity=16"
    "memorysetup-profiler-bucket-allocator-bucket-count=8"
    "memorysetup-profiler-bucket-allocator-block-size=33554432"
    "memorysetup-profiler-bucket-allocator-block-count=8"
    "memorysetup-profiler-allocator-block-size=16777216"
    "memorysetup-profiler-editor-allocator-block-size=1048576"
    "memorysetup-temp-allocator-size-main=16777216"
    "memorysetup-job-temp-allocator-block-size=2097152"
    "memorysetup-job-temp-allocator-block-size-background=1048576"
    "memorysetup-job-temp-allocator-reduction-small-platforms=262144"
    "memorysetup-allocator-temp-initial-block-size-main=262144"
    "memorysetup-allocator-temp-initial-block-size-worker=262144"
    "memorysetup-temp-allocator-size-background-worker=32768"
    "memorysetup-temp-allocator-size-job-worker=262144"
    "memorysetup-temp-allocator-size-preload-manager=33554432"
    "memorysetup-temp-allocator-size-nav-mesh-worker=65536"
    "memorysetup-temp-allocator-size-audio-worker=65536"
    "memorysetup-temp-allocator-size-cloud-worker=32768"
    "memorysetup-temp-allocator-size-gi-baking-worker=262144"
    "memorysetup-temp-allocator-size-gi-baking-worker=262144"
    "memorysetup-temp-allocator-size-gi-baking-worker=262144"
    "memorysetup-temp-allocator-size-gi-baking-worker=262144"
    "memorysetup-temp-allocator-size-gfx=262144"
Player connection [10148] Host "[IP] 192.168.1.43 [Port] 0 [Flags] 2 [Guid] 2466348104 [EditorId] 2466348104 [Version] 1048832 [Id] WindowsEditor(7,DESKTOP-1KV3S04) [Debug] 1 [PackageName] WindowsEditor [ProjectName] Editor" joined multi-casting on [225.0.0.222:54997]...
Player connection [10148] Host "[IP] 192.168.1.43 [Port] 0 [Flags] 2 [Guid] 2466348104 [EditorId] 2466348104 [Version] 1048832 [Id] WindowsEditor(7,DESKTOP-1KV3S04) [Debug] 1 [PackageName] WindowsEditor [ProjectName] Editor" joined alternative multi-casting on [225.0.0.222:34997]...
JobSystem: Creating JobQueue using job-worker-count value 1
[Physics::Module] Initialized MultithreadedJobDispatcher with 1 workers.
Library Redirect Path: Library/
Refreshing native plugins compatible for Editor in 774.88 ms, found 8 plugins.
Preloading 0 native plugins for Editor in 0.00 ms.
Initialize engine version: 2023.2.1f1 (a6dd9a634651)
[Subsystems] Discovering subsystems at path C:/unity_flyup/2023.2.1f1/Editor/Data/Resources/UnitySubsystems
[Subsystems] Discovering subsystems at path C:/Users/1/Desktop/Unity/Repository-BrackeysGameJam2024.1/WHAT-IS-BEHIND-THE-DOOR_BrackeysGameJam2024.1/Assets
GfxDevice: creating device client; kGfxThreadingModeNonThreaded
Direct3D:
    Version:  Direct3D 11.0 [level 11.0]
    Renderer: NVIDIA GeForce GT 640M (ID=0xfd2)
    Vendor:   NVIDIA
    VRAM:     2017 MB
    Driver:   21.21.13.7654
Shader Hidden/ProbeVolume/VoxelizeScene is not supported: GPU does not support conservative rasterization
Initialize mono
Mono path[0] = 'C:/unity_flyup/2023.2.1f1/Editor/Data/Managed'
Mono path[1] = 'C:/unity_flyup/2023.2.1f1/Editor/Data/MonoBleedingEdge/lib/mono/unityjit-win32'
Mono config path = 'C:/unity_flyup/2023.2.1f1/Editor/Data/MonoBleedingEdge/etc'
Using monoOptions --debugger-agent=transport=dt_socket,embedding=1,server=y,suspend=n,address=127.0.0.1:56504
Begin MonoManager ReloadAssembly
C:\build\output\Unity-Technologies\mono\mono\metadata\icall.c:1842:
C:\build\output\Unity-Technologies\mono\mono\metadata\icall.c:1842:
C:\build\output\Unity-Technologies\mono\mono\metadata\icall.c:1842:
C:\build\output\Unity-Technologies\mono\mono\metadata\icall.c:1842:
C:\build\output\Unity-Technologies\mono\mono\metadata\icall.c:1842:
C:\build\output\Unity-Technologies\mono\mono\metadata\icall.c:1842:
C:\build\output\Unity-Technologies\mono\mono\metadata\icall.c:1842:
C:\build\output\Unity-Technologies\mono\mono\metadata\icall.c:1842:
C:\build\output\Unity-Technologies\mono\mono\metadata\icall.c:1842:
C:\build\output\Unity-Technologies\mono\mono\metadata\icall.c:1842:
Registering precompiled unity dll's ...
Register platform support module: C:/unity_flyup/2023.2.1f1/Editor/Data/PlaybackEngines/WebGLSupport/UnityEditor.WebGL.Extensions.dll
Register platform support module: C:/unity_flyup/2023.2.1f1/Editor/Data/PlaybackEngines/WindowsStandaloneSupport/UnityEditor.WindowsStandalone.Extensions.dll
Register platform support module: C:/unity_flyup/2023.2.1f1/Editor/Data/PlaybackEngines/AndroidPlayer/UnityEditor.Android.Extensions.dll
Registered in 0.597534 seconds.
- Loaded All Assemblies, in 59.641 seconds
Native extension for Android target not found
Android Extension - Scanning For ADB Devices 2795 ms
Native extension for WindowsStandalone target not found
Native extension for WebGL target not found
Mono: successfully reloaded assembly
C:\build\output\Unity-Technologies\mono\mono\metadata\icall.c:1842:
C:\build\output\Unity-Technologies\mono\mono\metadata\icall.c:1842:
- Finished resetting the current domain, in  4.248 seconds
Domain Reload Profiling: 63883ms
	BeginReloadAssembly (57500ms)
		ExecutionOrderSort (0ms)
		DisableScriptedObjects (0ms)
		BackupInstance (0ms)
		ReleaseScriptingObjects (0ms)
		CreateAndSetChildDomain (52ms)
	RebuildCommonClasses (180ms)
	RebuildNativeTypeToScriptingClass (46ms)
	initialDomainReloadingComplete (1044ms)
	LoadAllAssembliesAndSetupDomain (864ms)
		LoadAssemblies (57380ms)
		RebuildTransferFunctionScriptingTraits (0ms)
		AnalyzeDomain (854ms)
			TypeCache.Refresh (849ms)
				TypeCache.ScanAssembly (800ms)
			BuildScriptInfoCaches (0ms)
			ResolveRequiredComponents (2ms)
	FinalizeReload (4250ms)
		ReleaseScriptCaches (0ms)
		RebuildScriptCaches (0ms)
		SetupLoadedEditorAssemblies (4006ms)
			LogAssemblyErrors (0ms)
			InitializePlatformSupportModulesInManaged (3102ms)
			SetLoadedEditorAssemblies (5ms)
			BeforeProcessingInitializeOnLoad (14ms)
			ProcessInitializeOnLoadAttributes (626ms)
			ProcessInitializeOnLoadMethodAttributes (259ms)
			AfterProcessingInitializeOnLoad (0ms)
			EditorAssembliesLoaded (0ms)
		ExecutionOrderSort2 (0ms)
		AwakeInstancesAfterBackupRestoration (0ms)
========================================================================
Worker process is ready to serve import requests
Import Worker Mode flag is 0x00
Begin MonoManager ReloadAssembly
C:\build\output\Unity-Technologies\mono\mono\metadata\icall.c:1842:
C:\build\output\Unity-Technologies\mono\mono\metadata\icall.c:1842:
C:\build\output\Unity-Technologies\mono\mono\metadata\icall.c:1842:
C:\build\output\Unity-Technologies\mono\mono\metadata\icall.c:1842:
C:\build\output\Unity-Technologies\mono\mono\metadata\icall.c:1842:
C:\build\output\Unity-Technologies\mono\mono\metadata\icall.c:1842:
C:\build\output\Unity-Technologies\mono\mono\metadata\icall.c:1842:
C:\build\output\Unity-Technologies\mono\mono\metadata\icall.c:1842:
C:\build\output\Unity-Technologies\mono\mono\metadata\icall.c:1842:
C:\build\output\Unity-Technologies\mono\mono\metadata\icall.c:1842:
C:\build\output\Unity-Technologies\mono\mono\metadata\icall.c:1842:
C:\build\output\Unity-Technologies\mono\mono\metadata\icall.c:1842:
Symbol file LoadedFromMemory doesn't match image C:\Users\1\Desktop\Unity\Repository-BrackeysGameJam2024.1\WHAT-IS-BEHIND-THE-DOOR_BrackeysGameJam2024.1\Library\PackageCache\com.unity.visualscripting@1.8.0\Editor\VisualScripting.Core\Dependencies\YamlDotNet\Unity.VisualScripting.YamlDotNet.dll
Symbol file LoadedFromMemory doesn't match image C:\Users\1\Desktop\Unity\Repository-BrackeysGameJam2024.1\WHAT-IS-BEHIND-THE-DOOR_BrackeysGameJam2024.1\Library\PackageCache\com.unity.visualscripting@1.8.0\Editor\VisualScripting.Core\Dependencies\DotNetZip\Unity.VisualScripting.IonicZip.dll
Symbol file LoadedFromMemory is not a mono symbol file
- Loaded All Assemblies, in 50.305 seconds
Refreshing native plugins compatible for Editor in 9.74 ms, found 8 plugins.
Native extension for Android target not found
Native extension for WindowsStandalone target not found
Native extension for WebGL target not found
Mono: successfully reloaded assembly
- Finished resetting the current domain, in 25.180 seconds
Domain Reload Profiling: 73273ms
	BeginReloadAssembly (9591ms)
		ExecutionOrderSort (0ms)
		DisableScriptedObjects (15ms)
		BackupInstance (0ms)
		ReleaseScriptingObjects (0ms)
		CreateAndSetChildDomain (795ms)
	RebuildCommonClasses (212ms)
	RebuildNativeTypeToScriptingClass (81ms)
	initialDomainReloadingComplete (210ms)
	LoadAllAssembliesAndSetupDomain (37935ms)
		LoadAssemblies (27188ms)
		RebuildTransferFunctionScriptingTraits (0ms)
		AnalyzeDomain (13580ms)
			TypeCache.Refresh (10003ms)
				TypeCache.ScanAssembly (8663ms)
			BuildScriptInfoCaches (3342ms)
			ResolveRequiredComponents (42ms)
	FinalizeReload (25244ms)
		ReleaseScriptCaches (0ms)
		RebuildScriptCaches (0ms)
		SetupLoadedEditorAssemblies (12596ms)
			LogAssemblyErrors (0ms)
			InitializePlatformSupportModulesInManaged (664ms)
			SetLoadedEditorAssemblies (89ms)
			BeforeProcessingInitializeOnLoad (829ms)
			ProcessInitializeOnLoadAttributes (9436ms)
			ProcessInitializeOnLoadMethodAttributes (1561ms)
			AfterProcessingInitializeOnLoad (16ms)
			EditorAssembliesLoaded (1ms)
		ExecutionOrderSort2 (38ms)
		AwakeInstancesAfterBackupRestoration (157ms)
Shader Hidden/ProbeVolume/VoxelizeScene is not supported: GPU does not support conservative rasterization
Launched and connected shader compiler UnityShaderCompiler.exe after 3.12 seconds
Refreshing native plugins compatible for Editor in 2304.68 ms, found 8 plugins.
Preloading 0 native plugins for Editor in 0.00 ms.
Unloading 230 Unused Serialized files (Serialized files now loaded: 0)
Unloading 7213 unused Assets / (3.7 MB). Loaded Objects now: 7931.
Memory consumption went from 206.7 MB to 202.9 MB.
Total: 2331.359200 ms (FindLiveObjects: 153.213900 ms CreateObjectMapping: 3.175800 ms MarkObjects: 1339.972000 ms  DeleteObjects: 834.993400 ms)

========================================================================
Received Import Request.
  Time since last request: 85224.728668 seconds.
  path: Assets/Sprites/TextsInBegin/UnityAnalytics.png
  artifactKey: Guid(ca949abb47fa2fb4da9b0c6fe8f5443e) Importer(815301076,1909f56bfc062723c751e8b465ee728b)
Start importing Assets/Sprites/TextsInBegin/UnityAnalytics.png using Guid(ca949abb47fa2fb4da9b0c6fe8f5443e) Importer(815301076,1909f56bfc062723c751e8b465ee728b) (PreviewImporter) -> (artifact id: '77a30144c3447f7ab2517ebe8cd6ff11') in 16.2346865 seconds
Number of updated asset objects reloaded before import = 0Number of asset objects unloaded after import = 3

========================================================================
Received Import Request.
  Time since last request: 56.416809 seconds.
  path: Assets/Sprites/Ask.png
  artifactKey: Guid(3314eb8e42ef2a749a2803fc27de4ca7) Importer(815301076,1909f56bfc062723c751e8b465ee728b)
Start importing Assets/Sprites/Ask.png using Guid(3314eb8e42ef2a749a2803fc27de4ca7) Importer(815301076,1909f56bfc062723c751e8b465ee728b) (PreviewImporter) -> (artifact id: '1c679b5ef6f0eea056ad68766ea7fb88') in 0.4154309 seconds
Number of updated asset objects reloaded before import = 0Number of asset objects unloaded after import = 3

========================================================================
Received Import Request.
  Time since last request: 0.000043 seconds.
  path: Assets/Sprites/blenderii.blend0001_original.png
  artifactKey: Guid(b73ec0f8dda49164bb89b506646a603e) Importer(815301076,1909f56bfc062723c751e8b465ee728b)
Start importing Assets/Sprites/blenderii.blend0001_original.png using Guid(b73ec0f8dda49164bb89b506646a603e) Importer(815301076,1909f56bfc062723c751e8b465ee728b) (PreviewImporter) -> (artifact id: '6a1538ecad14037bb3197f9df6f8cfc0') in 0.2998075 seconds
Number of updated asset objects reloaded before import = 0Number of asset objects unloaded after import = 3

========================================================================
Received Import Request.
  Time since last request: 0.255066 seconds.
  path: Assets/Sprites/Cards.png
  artifactKey: Guid(f923f9bd73a822c46992c5a80ffafb10) Importer(815301076,1909f56bfc062723c751e8b465ee728b)
Start importing Assets/Sprites/Cards.png using Guid(f923f9bd73a822c46992c5a80ffafb10) Importer(815301076,1909f56bfc062723c751e8b465ee728b) (PreviewImporter) -> (artifact id: '6583b7b54b2e796214d8ae17e73e8e1a') in 0.2165568 seconds
Number of updated asset objects reloaded before import = 0Number of asset objects unloaded after import = 3

========================================================================
Received Import Request.
  Time since last request: 0.000332 seconds.
  path: Assets/Sprites/Coin.png
  artifactKey: Guid(485eacfaec00a5241a3dce995d0f1da7) Importer(815301076,1909f56bfc062723c751e8b465ee728b)
Start importing Assets/Sprites/Coin.png using Guid(485eacfaec00a5241a3dce995d0f1da7) Importer(815301076,1909f56bfc062723c751e8b465ee728b) (PreviewImporter) -> (artifact id: 'fed07fb3cacddf80b693b61262a3e6d2') in 0.388826 seconds
Number of updated asset objects reloaded before import = 0Number of asset objects unloaded after import = 3

========================================================================
Received Import Request.
  Time since last request: 0.978881 seconds.
  path: Assets/Sprites/Delete.png
  artifactKey: Guid(37425b8f3b41f14479f7436e6f5a7ddb) Importer(815301076,1909f56bfc062723c751e8b465ee728b)
Start importing Assets/Sprites/Delete.png using Guid(37425b8f3b41f14479f7436e6f5a7ddb) Importer(815301076,1909f56bfc062723c751e8b465ee728b) (PreviewImporter) -> (artifact id: '11d1add23d9c1a7b011aaef45b9086c0') in 0.7117431 seconds
Number of updated asset objects reloaded before import = 0Number of asset objects unloaded after import = 2

========================================================================
Received Import Request.
  Time since last request: 0.000037 seconds.
  path: Assets/Sprites/Button/Button_Hight 1.png
  artifactKey: Guid(4cf3d4c0c8b0a7149a6c9372a51bb0da) Importer(815301076,1909f56bfc062723c751e8b465ee728b)
Start importing Assets/Sprites/Button/Button_Hight 1.png using Guid(4cf3d4c0c8b0a7149a6c9372a51bb0da) Importer(815301076,1909f56bfc062723c751e8b465ee728b) (PreviewImporter) -> (artifact id: '8ddb750355f46c67482768d64ef3ef7b') in 0.7688974 seconds
Number of updated asset objects reloaded before import = 0Number of asset objects unloaded after import = 3

========================================================================
Received Import Request.
  Time since last request: 0.080840 seconds.
  path: Assets/Sprites/Frame.png
  artifactKey: Guid(5ecfd4da2ba8fdb4abd998140e45da0f) Importer(815301076,1909f56bfc062723c751e8b465ee728b)
Start importing Assets/Sprites/Frame.png using Guid(5ecfd4da2ba8fdb4abd998140e45da0f) Importer(815301076,1909f56bfc062723c751e8b465ee728b) (PreviewImporter) -> (artifact id: 'd6b4c4057c057118acb4d91a4bef9021') in 0.4432902 seconds
Number of updated asset objects reloaded before import = 0Number of asset objects unloaded after import = 3

========================================================================
Received Import Request.
  Time since last request: 0.000078 seconds.
  path: Assets/Sprites/donate_image.png
  artifactKey: Guid(1941f4a1e5b7a844badbf73fbfca2c4a) Importer(815301076,1909f56bfc062723c751e8b465ee728b)
Start importing Assets/Sprites/donate_image.png using Guid(1941f4a1e5b7a844badbf73fbfca2c4a) Importer(815301076,1909f56bfc062723c751e8b465ee728b) (PreviewImporter) -> (artifact id: '10c0d4c0c65b4fa1ed7b0d518782a27e') in 0.4393775 seconds
Number of updated asset objects reloaded before import = 0Number of asset objects unloaded after import = 3

========================================================================
Received Import Request.
  Time since last request: 0.231651 seconds.
  path: Assets/Prefabs/Button.prefab
  artifactKey: Guid(646ff702ae808bd4598e9f8fe10d7fce) Importer(815301076,1909f56bfc062723c751e8b465ee728b)
Start importing Assets/Prefabs/Button.prefab using Guid(646ff702ae808bd4598e9f8fe10d7fce) Importer(815301076,1909f56bfc062723c751e8b465ee728b) (PreviewImporter) -> (artifact id: 'fd7a62d5551df6d284ba275787906459') in 0.7050978 seconds
Number of updated asset objects reloaded before import = 0Number of asset objects unloaded after import = 21

========================================================================
Received Import Request.
  Time since last request: 0.000037 seconds.
  path: Assets/Prefabs/MyPlayerController.prefab
  artifactKey: Guid(5185d2a20dc4b494896c433fdd975c99) Importer(815301076,1909f56bfc062723c751e8b465ee728b)
Start importing Assets/Prefabs/MyPlayerController.prefab using Guid(5185d2a20dc4b494896c433fdd975c99) Importer(815301076,1909f56bfc062723c751e8b465ee728b) (PreviewImporter) -> (artifact id: 'ba23a288800e0e29f0c6b27172d399fc') in 15.7819413 seconds
Number of updated asset objects reloaded before import = 0Number of asset objects unloaded after import = 122

========================================================================
Received Import Request.
  Time since last request: 31.480533 seconds.
  path: Assets/Download/image.jpg
  artifactKey: Guid(2e834e30767349e4ea637eb717e88de4) Importer(815301076,1909f56bfc062723c751e8b465ee728b)
Start importing Assets/Download/image.jpg using Guid(2e834e30767349e4ea637eb717e88de4) Importer(815301076,1909f56bfc062723c751e8b465ee728b) (PreviewImporter) -> (artifact id: '0107fc6521daa0b86436e358f9f9fb20') in 0.5834602 seconds
Number of updated asset objects reloaded before import = 0Number of asset objects unloaded after import = 2

========================================================================
Received Import Request.
  Time since last request: 0.058691 seconds.
  path: Assets/Download/jutkovatyiy-skrip-dveri-24834.mp3
  artifactKey: Guid(576a9b981a7e8db4ca9cce383021ac80) Importer(815301076,1909f56bfc062723c751e8b465ee728b)
Start importing Assets/Download/jutkovatyiy-skrip-dveri-24834.mp3 using Guid(576a9b981a7e8db4ca9cce383021ac80) Importer(815301076,1909f56bfc062723c751e8b465ee728b) (PreviewImporter) -> (artifact id: '5f48584006658289f88c62e0e8f0580a') in 1.2227059 seconds
Number of updated asset objects reloaded before import = 0Number of asset objects unloaded after import = 2

========================================================================
Received Import Request.
  Time since last request: 0.000055 seconds.
  path: Assets/Download/otkryitie-dveri-so-skripom.mp3
  artifactKey: Guid(1009ccf6c69632d418a588aca842ea6d) Importer(815301076,1909f56bfc062723c751e8b465ee728b)
Start importing Assets/Download/otkryitie-dveri-so-skripom.mp3 using Guid(1009ccf6c69632d418a588aca842ea6d) Importer(815301076,1909f56bfc062723c751e8b465ee728b) (PreviewImporter) -> (artifact id: 'c0990426ebf3945a34fa922f38363c77') in 0.4761599 seconds
Number of updated asset objects reloaded before import = 0Number of asset objects unloaded after import = 2

========================================================================
Received Import Request.
  Time since last request: 0.000611 seconds.
  path: Assets/Download/muchitelnyiy-krik-ujasa-29521.mp3
  artifactKey: Guid(e94579323ba0c344e85c53652c5a29cb) Importer(815301076,1909f56bfc062723c751e8b465ee728b)
Start importing Assets/Download/muchitelnyiy-krik-ujasa-29521.mp3 using Guid(e94579323ba0c344e85c53652c5a29cb) Importer(815301076,1909f56bfc062723c751e8b465ee728b) (PreviewImporter) -> (artifact id: '3a0e9bc116d6ecc4d5a5ac6445a709b0') in 0.4140957 seconds
Number of updated asset objects reloaded before import = 0Number of asset objects unloaded after import = 2

========================================================================
Received Import Request.
  Time since last request: 0.000042 seconds.
  path: Assets/Download/Parasite L Starkie@Running.fbx
  artifactKey: Guid(df84ccaa2d7205e41a411fce5ae49fcb) Importer(815301076,1909f56bfc062723c751e8b465ee728b)
Start importing Assets/Download/Parasite L Starkie@Running.fbx using Guid(df84ccaa2d7205e41a411fce5ae49fcb) Importer(815301076,1909f56bfc062723c751e8b465ee728b) (PreviewImporter) -> (artifact id: 'e68a58af1eaf93a92417225fdcdc830f') in 10.8388178 seconds
Number of updated asset objects reloaded before import = 0Number of asset objects unloaded after import = 171

========================================================================
Received Import Request.
  Time since last request: 2.079236 seconds.
  path: Assets/Download/kriki-ujasa-muki-29524.mp3
  artifactKey: Guid(b5410f4923b714041a6d7227e2878a83) Importer(815301076,1909f56bfc062723c751e8b465ee728b)
Start importing Assets/Download/kriki-ujasa-muki-29524.mp3 using Guid(b5410f4923b714041a6d7227e2878a83) Importer(815301076,1909f56bfc062723c751e8b465ee728b) (PreviewImporter) -> (artifact id: '4e7769bec65ef7857201b3c94d9d462d') in 0.1778088 seconds
Number of updated asset objects reloaded before import = 0Number of asset objects unloaded after import = 2

========================================================================
Received Import Request.
  Time since last request: 31.241756 seconds.
  path: Assets/Download/skrip-otkryivayuscheysya-ot-vetra-mejkomnatnoy-dveri.mp3
  artifactKey: Guid(90a23ae7f72232344be000c164aa43d2) Importer(815301076,1909f56bfc062723c751e8b465ee728b)
Start importing Assets/Download/skrip-otkryivayuscheysya-ot-vetra-mejkomnatnoy-dveri.mp3 using Guid(90a23ae7f72232344be000c164aa43d2) Importer(815301076,1909f56bfc062723c751e8b465ee728b) (PreviewImporter) -> (artifact id: '9dcbfec8552e9313e79a583b054268e0') in 0.0948011 seconds
Number of updated asset objects reloaded before import = 0Number of asset objects unloaded after import = 2

